2017-11-18 00:59:34[][main] INFO [org.springframework.context.support.ClassPathXmlApplicationContext] Refreshing org.springframework.context.support.ClassPathXmlApplicationContext@66133adc: startup date [Sat Nov 18 00:59:34 CST 2017]; root of context hierarchy
2017-11-18 00:59:34[][main] INFO [org.springframework.beans.factory.xml.XmlBeanDefinitionReader] Loading XML bean definitions from class path resource [applicationContext.xml]
2017-11-18 00:59:34[][main] INFO [org.springframework.context.annotation.ClassPathBeanDefinitionScanner] JSR-250 'javax.annotation.ManagedBean' found and supported for component scanning
2017-11-18 00:59:34[][main] INFO [org.springframework.context.annotation.ClassPathBeanDefinitionScanner] JSR-330 'javax.inject.Named' annotation found and supported for component scanning
2017-11-18 00:59:34[][main] INFO [org.springframework.context.annotation.ClassPathBeanDefinitionScanner] JSR-250 'javax.annotation.ManagedBean' found and supported for component scanning
2017-11-18 00:59:34[][main] INFO [org.springframework.context.annotation.ClassPathBeanDefinitionScanner] JSR-330 'javax.inject.Named' annotation found and supported for component scanning
2017-11-18 00:59:34[][main] INFO [org.springframework.context.annotation.ClassPathBeanDefinitionScanner] JSR-250 'javax.annotation.ManagedBean' found and supported for component scanning
2017-11-18 00:59:34[][main] INFO [org.springframework.context.annotation.ClassPathBeanDefinitionScanner] JSR-330 'javax.inject.Named' annotation found and supported for component scanning
2017-11-18 00:59:34[][main] INFO [org.springframework.beans.factory.xml.XmlBeanDefinitionReader] Loading XML bean definitions from class path resource [applicationContext-cxf.xml]
2017-11-18 00:59:34[][main] INFO [org.springframework.beans.factory.xml.XmlBeanDefinitionReader] Loading XML bean definitions from class path resource [META-INF/cxf/cxf.xml]
2017-11-18 00:59:35[][main] INFO [org.springframework.beans.factory.xml.XmlBeanDefinitionReader] Loading XML bean definitions from class path resource [META-INF/cxf/cxf-servlet.xml]
2017-11-18 00:59:35[][main] INFO [org.springframework.beans.factory.xml.XmlBeanDefinitionReader] Loading XML bean definitions from class path resource [META-INF/cxf/cxf-extension-soap.xml]
2017-11-18 00:59:35[][main] INFO [org.springframework.beans.factory.annotation.AutowiredAnnotationBeanPostProcessor] JSR-330 'javax.inject.Inject' annotation found and supported for autowiring
2017-11-18 00:59:35[][main] INFO [org.springframework.beans.factory.support.DefaultListableBeanFactory] Pre-instantiating singletons in org.springframework.beans.factory.support.DefaultListableBeanFactory@3d99d22e: defining beans [org.springframework.context.annotation.internalConfigurationAnnotationProcessor,org.springframework.context.annotation.internalAutowiredAnnotationProcessor,org.springframework.context.annotation.internalRequiredAnnotationProcessor,org.springframework.context.annotation.internalCommonAnnotationProcessor,wsInvoker,setMapParamService,setMapParamSender,cxf,org.apache.cxf.bus.spring.BusWiringBeanFactoryPostProcessor,org.apache.cxf.bus.spring.Jsr250BeanPostProcessor,org.apache.cxf.bus.spring.BusExtensionPostProcessor,org.apache.cxf.binding.soap.SoapBindingFactory,org.apache.cxf.binding.soap.SoapTransportFactory,org.apache.cxf.binding.soap.customEditorConfigurer]; root of factory hierarchy
2017-11-18 00:59:36[][main] INFO [org.springframework.beans.factory.support.DefaultListableBeanFactory] Destroying singletons in org.springframework.beans.factory.support.DefaultListableBeanFactory@3d99d22e: defining beans [org.springframework.context.annotation.internalConfigurationAnnotationProcessor,org.springframework.context.annotation.internalAutowiredAnnotationProcessor,org.springframework.context.annotation.internalRequiredAnnotationProcessor,org.springframework.context.annotation.internalCommonAnnotationProcessor,wsInvoker,setMapParamService,setMapParamSender,cxf,org.apache.cxf.bus.spring.BusWiringBeanFactoryPostProcessor,org.apache.cxf.bus.spring.Jsr250BeanPostProcessor,org.apache.cxf.bus.spring.BusExtensionPostProcessor,org.apache.cxf.binding.soap.SoapBindingFactory,org.apache.cxf.binding.soap.SoapTransportFactory,org.apache.cxf.binding.soap.customEditorConfigurer]; root of factory hierarchy
2017-11-18 00:59:36[][main] INFO [org.springframework.context.support.ClassPathXmlApplicationContext] Closing org.springframework.context.support.ClassPathXmlApplicationContext@66133adc: startup date [Sat Nov 18 00:59:34 CST 2017]; root of context hierarchy
2017-11-18 00:59:36[][main] WARN [org.springframework.context.support.ClassPathXmlApplicationContext] Exception thrown from ApplicationListener handling ContextClosedEvent
org.springframework.beans.factory.BeanCreationNotAllowedException: Error creating bean with name 'cxf': Singleton bean creation not allowed while the singletons of this factory are in destruction (Do not request a bean from a BeanFactory in a destroy method implementation!)
	at org.springframework.beans.factory.support.DefaultSingletonBeanRegistry.getSingleton(DefaultSingletonBeanRegistry.java:209)
	at org.springframework.beans.factory.support.AbstractBeanFactory.doGetBean(AbstractBeanFactory.java:290)
	at org.springframework.beans.factory.support.AbstractBeanFactory.getBean(AbstractBeanFactory.java:196)
	at org.springframework.context.event.AbstractApplicationEventMulticaster.getApplicationListeners(AbstractApplicationEventMulticaster.java:148)
	at org.springframework.context.event.SimpleApplicationEventMulticaster.multicastEvent(SimpleApplicationEventMulticaster.java:86)
	at org.springframework.context.support.AbstractApplicationContext.publishEvent(AbstractApplicationContext.java:303)
	at org.springframework.context.support.AbstractApplicationContext.doClose(AbstractApplicationContext.java:1007)
	at org.springframework.context.support.AbstractApplicationContext.close(AbstractApplicationContext.java:970)
	at org.apache.cxf.bus.spring.SpringBus.destroyBeans(SpringBus.java:131)
	at org.apache.cxf.bus.CXFBusImpl.shutdown(CXFBusImpl.java:217)
	at org.apache.cxf.bus.CXFBusImpl.shutdown(CXFBusImpl.java:199)
	at sun.reflect.NativeMethodAccessorImpl.invoke0(Native Method)
	at sun.reflect.NativeMethodAccessorImpl.invoke(NativeMethodAccessorImpl.java:62)
	at sun.reflect.DelegatingMethodAccessorImpl.invoke(DelegatingMethodAccessorImpl.java:43)
	at java.lang.reflect.Method.invoke(Method.java:498)
	at org.springframework.beans.factory.support.DisposableBeanAdapter.invokeCustomDestroyMethod(DisposableBeanAdapter.java:273)
	at org.springframework.beans.factory.support.DisposableBeanAdapter.destroy(DisposableBeanAdapter.java:199)
	at org.springframework.beans.factory.support.DefaultSingletonBeanRegistry.destroyBean(DefaultSingletonBeanRegistry.java:487)
	at org.springframework.beans.factory.support.DefaultSingletonBeanRegistry.destroySingleton(DefaultSingletonBeanRegistry.java:463)
	at org.springframework.beans.factory.support.DefaultSingletonBeanRegistry.destroySingletons(DefaultSingletonBeanRegistry.java:431)
	at org.springframework.context.support.AbstractApplicationContext.destroyBeans(AbstractApplicationContext.java:1048)
	at org.springframework.context.support.AbstractApplicationContext.refresh(AbstractApplicationContext.java:433)
	at org.springframework.context.support.ClassPathXmlApplicationContext.<init>(ClassPathXmlApplicationContext.java:139)
	at org.springframework.context.support.ClassPathXmlApplicationContext.<init>(ClassPathXmlApplicationContext.java:93)
	at com.reflect.main.TestMain.main(TestMain.java:17)
2017-11-18 00:59:36[][main] WARN [org.springframework.context.support.ClassPathXmlApplicationContext] Exception thrown from LifecycleProcessor on context close
java.lang.IllegalStateException: LifecycleProcessor not initialized - call 'refresh' before invoking lifecycle methods via the context: org.springframework.context.support.ClassPathXmlApplicationContext@66133adc: startup date [Sat Nov 18 00:59:34 CST 2017]; root of context hierarchy
	at org.springframework.context.support.AbstractApplicationContext.getLifecycleProcessor(AbstractApplicationContext.java:329)
	at org.springframework.context.support.AbstractApplicationContext.doClose(AbstractApplicationContext.java:1015)
	at org.springframework.context.support.AbstractApplicationContext.close(AbstractApplicationContext.java:970)
	at org.apache.cxf.bus.spring.SpringBus.destroyBeans(SpringBus.java:131)
	at org.apache.cxf.bus.CXFBusImpl.shutdown(CXFBusImpl.java:217)
	at org.apache.cxf.bus.CXFBusImpl.shutdown(CXFBusImpl.java:199)
	at sun.reflect.NativeMethodAccessorImpl.invoke0(Native Method)
	at sun.reflect.NativeMethodAccessorImpl.invoke(NativeMethodAccessorImpl.java:62)
	at sun.reflect.DelegatingMethodAccessorImpl.invoke(DelegatingMethodAccessorImpl.java:43)
	at java.lang.reflect.Method.invoke(Method.java:498)
	at org.springframework.beans.factory.support.DisposableBeanAdapter.invokeCustomDestroyMethod(DisposableBeanAdapter.java:273)
	at org.springframework.beans.factory.support.DisposableBeanAdapter.destroy(DisposableBeanAdapter.java:199)
	at org.springframework.beans.factory.support.DefaultSingletonBeanRegistry.destroyBean(DefaultSingletonBeanRegistry.java:487)
	at org.springframework.beans.factory.support.DefaultSingletonBeanRegistry.destroySingleton(DefaultSingletonBeanRegistry.java:463)
	at org.springframework.beans.factory.support.DefaultSingletonBeanRegistry.destroySingletons(DefaultSingletonBeanRegistry.java:431)
	at org.springframework.context.support.AbstractApplicationContext.destroyBeans(AbstractApplicationContext.java:1048)
	at org.springframework.context.support.AbstractApplicationContext.refresh(AbstractApplicationContext.java:433)
	at org.springframework.context.support.ClassPathXmlApplicationContext.<init>(ClassPathXmlApplicationContext.java:139)
	at org.springframework.context.support.ClassPathXmlApplicationContext.<init>(ClassPathXmlApplicationContext.java:93)
	at com.reflect.main.TestMain.main(TestMain.java:17)
2017-11-18 00:59:36[][main] INFO [org.springframework.beans.factory.support.DefaultListableBeanFactory] Destroying singletons in org.springframework.beans.factory.support.DefaultListableBeanFactory@3d99d22e: defining beans [org.springframework.context.annotation.internalConfigurationAnnotationProcessor,org.springframework.context.annotation.internalAutowiredAnnotationProcessor,org.springframework.context.annotation.internalRequiredAnnotationProcessor,org.springframework.context.annotation.internalCommonAnnotationProcessor,wsInvoker,setMapParamService,setMapParamSender,cxf,org.apache.cxf.bus.spring.BusWiringBeanFactoryPostProcessor,org.apache.cxf.bus.spring.Jsr250BeanPostProcessor,org.apache.cxf.bus.spring.BusExtensionPostProcessor,org.apache.cxf.binding.soap.SoapBindingFactory,org.apache.cxf.binding.soap.SoapTransportFactory,org.apache.cxf.binding.soap.customEditorConfigurer]; root of factory hierarchy
2017-11-18 01:01:42[][main] INFO [org.springframework.context.support.ClassPathXmlApplicationContext] Refreshing org.springframework.context.support.ClassPathXmlApplicationContext@66133adc: startup date [Sat Nov 18 01:01:42 CST 2017]; root of context hierarchy
2017-11-18 01:01:42[][main] INFO [org.springframework.beans.factory.xml.XmlBeanDefinitionReader] Loading XML bean definitions from class path resource [applicationContext.xml]
2017-11-18 01:01:42[][main] INFO [org.springframework.context.annotation.ClassPathBeanDefinitionScanner] JSR-250 'javax.annotation.ManagedBean' found and supported for component scanning
2017-11-18 01:01:42[][main] INFO [org.springframework.context.annotation.ClassPathBeanDefinitionScanner] JSR-330 'javax.inject.Named' annotation found and supported for component scanning
2017-11-18 01:01:42[][main] INFO [org.springframework.context.annotation.ClassPathBeanDefinitionScanner] JSR-250 'javax.annotation.ManagedBean' found and supported for component scanning
2017-11-18 01:01:42[][main] INFO [org.springframework.context.annotation.ClassPathBeanDefinitionScanner] JSR-330 'javax.inject.Named' annotation found and supported for component scanning
2017-11-18 01:01:42[][main] INFO [org.springframework.context.annotation.ClassPathBeanDefinitionScanner] JSR-250 'javax.annotation.ManagedBean' found and supported for component scanning
2017-11-18 01:01:42[][main] INFO [org.springframework.context.annotation.ClassPathBeanDefinitionScanner] JSR-330 'javax.inject.Named' annotation found and supported for component scanning
2017-11-18 01:01:42[][main] INFO [org.springframework.beans.factory.xml.XmlBeanDefinitionReader] Loading XML bean definitions from class path resource [applicationContext-cxf.xml]
2017-11-18 01:01:42[][main] INFO [org.springframework.beans.factory.xml.XmlBeanDefinitionReader] Loading XML bean definitions from class path resource [META-INF/cxf/cxf.xml]
2017-11-18 01:01:42[][main] INFO [org.springframework.beans.factory.xml.XmlBeanDefinitionReader] Loading XML bean definitions from class path resource [META-INF/cxf/cxf-servlet.xml]
2017-11-18 01:01:42[][main] INFO [org.springframework.beans.factory.xml.XmlBeanDefinitionReader] Loading XML bean definitions from class path resource [META-INF/cxf/cxf-extension-soap.xml]
2017-11-18 01:01:43[][main] INFO [org.springframework.beans.factory.annotation.AutowiredAnnotationBeanPostProcessor] JSR-330 'javax.inject.Inject' annotation found and supported for autowiring
2017-11-18 01:01:43[][main] INFO [org.springframework.beans.factory.support.DefaultListableBeanFactory] Pre-instantiating singletons in org.springframework.beans.factory.support.DefaultListableBeanFactory@3d99d22e: defining beans [org.springframework.context.annotation.internalConfigurationAnnotationProcessor,org.springframework.context.annotation.internalAutowiredAnnotationProcessor,org.springframework.context.annotation.internalRequiredAnnotationProcessor,org.springframework.context.annotation.internalCommonAnnotationProcessor,wsInvoker,setMapParamService,setMapParamSender,cxf,org.apache.cxf.bus.spring.BusWiringBeanFactoryPostProcessor,org.apache.cxf.bus.spring.Jsr250BeanPostProcessor,org.apache.cxf.bus.spring.BusExtensionPostProcessor,org.apache.cxf.binding.soap.SoapBindingFactory,org.apache.cxf.binding.soap.SoapTransportFactory,org.apache.cxf.binding.soap.customEditorConfigurer]; root of factory hierarchy
2017-11-18 01:01:43[][main] INFO [org.springframework.beans.factory.support.DefaultListableBeanFactory] Destroying singletons in org.springframework.beans.factory.support.DefaultListableBeanFactory@3d99d22e: defining beans [org.springframework.context.annotation.internalConfigurationAnnotationProcessor,org.springframework.context.annotation.internalAutowiredAnnotationProcessor,org.springframework.context.annotation.internalRequiredAnnotationProcessor,org.springframework.context.annotation.internalCommonAnnotationProcessor,wsInvoker,setMapParamService,setMapParamSender,cxf,org.apache.cxf.bus.spring.BusWiringBeanFactoryPostProcessor,org.apache.cxf.bus.spring.Jsr250BeanPostProcessor,org.apache.cxf.bus.spring.BusExtensionPostProcessor,org.apache.cxf.binding.soap.SoapBindingFactory,org.apache.cxf.binding.soap.SoapTransportFactory,org.apache.cxf.binding.soap.customEditorConfigurer]; root of factory hierarchy
2017-11-18 01:01:43[][main] INFO [org.springframework.context.support.ClassPathXmlApplicationContext] Closing org.springframework.context.support.ClassPathXmlApplicationContext@66133adc: startup date [Sat Nov 18 01:01:42 CST 2017]; root of context hierarchy
2017-11-18 01:01:43[][main] WARN [org.springframework.context.support.ClassPathXmlApplicationContext] Exception thrown from ApplicationListener handling ContextClosedEvent
org.springframework.beans.factory.BeanCreationNotAllowedException: Error creating bean with name 'cxf': Singleton bean creation not allowed while the singletons of this factory are in destruction (Do not request a bean from a BeanFactory in a destroy method implementation!)
	at org.springframework.beans.factory.support.DefaultSingletonBeanRegistry.getSingleton(DefaultSingletonBeanRegistry.java:209)
	at org.springframework.beans.factory.support.AbstractBeanFactory.doGetBean(AbstractBeanFactory.java:290)
	at org.springframework.beans.factory.support.AbstractBeanFactory.getBean(AbstractBeanFactory.java:196)
	at org.springframework.context.event.AbstractApplicationEventMulticaster.getApplicationListeners(AbstractApplicationEventMulticaster.java:148)
	at org.springframework.context.event.SimpleApplicationEventMulticaster.multicastEvent(SimpleApplicationEventMulticaster.java:86)
	at org.springframework.context.support.AbstractApplicationContext.publishEvent(AbstractApplicationContext.java:303)
	at org.springframework.context.support.AbstractApplicationContext.doClose(AbstractApplicationContext.java:1007)
	at org.springframework.context.support.AbstractApplicationContext.close(AbstractApplicationContext.java:970)
	at org.apache.cxf.bus.spring.SpringBus.destroyBeans(SpringBus.java:131)
	at org.apache.cxf.bus.CXFBusImpl.shutdown(CXFBusImpl.java:217)
	at org.apache.cxf.bus.CXFBusImpl.shutdown(CXFBusImpl.java:199)
	at sun.reflect.NativeMethodAccessorImpl.invoke0(Native Method)
	at sun.reflect.NativeMethodAccessorImpl.invoke(NativeMethodAccessorImpl.java:62)
	at sun.reflect.DelegatingMethodAccessorImpl.invoke(DelegatingMethodAccessorImpl.java:43)
	at java.lang.reflect.Method.invoke(Method.java:498)
	at org.springframework.beans.factory.support.DisposableBeanAdapter.invokeCustomDestroyMethod(DisposableBeanAdapter.java:273)
	at org.springframework.beans.factory.support.DisposableBeanAdapter.destroy(DisposableBeanAdapter.java:199)
	at org.springframework.beans.factory.support.DefaultSingletonBeanRegistry.destroyBean(DefaultSingletonBeanRegistry.java:487)
	at org.springframework.beans.factory.support.DefaultSingletonBeanRegistry.destroySingleton(DefaultSingletonBeanRegistry.java:463)
	at org.springframework.beans.factory.support.DefaultSingletonBeanRegistry.destroySingletons(DefaultSingletonBeanRegistry.java:431)
	at org.springframework.context.support.AbstractApplicationContext.destroyBeans(AbstractApplicationContext.java:1048)
	at org.springframework.context.support.AbstractApplicationContext.refresh(AbstractApplicationContext.java:433)
	at org.springframework.context.support.ClassPathXmlApplicationContext.<init>(ClassPathXmlApplicationContext.java:139)
	at org.springframework.context.support.ClassPathXmlApplicationContext.<init>(ClassPathXmlApplicationContext.java:93)
	at com.reflect.main.TestMain.main(TestMain.java:17)
2017-11-18 01:01:43[][main] WARN [org.springframework.context.support.ClassPathXmlApplicationContext] Exception thrown from LifecycleProcessor on context close
java.lang.IllegalStateException: LifecycleProcessor not initialized - call 'refresh' before invoking lifecycle methods via the context: org.springframework.context.support.ClassPathXmlApplicationContext@66133adc: startup date [Sat Nov 18 01:01:42 CST 2017]; root of context hierarchy
	at org.springframework.context.support.AbstractApplicationContext.getLifecycleProcessor(AbstractApplicationContext.java:329)
	at org.springframework.context.support.AbstractApplicationContext.doClose(AbstractApplicationContext.java:1015)
	at org.springframework.context.support.AbstractApplicationContext.close(AbstractApplicationContext.java:970)
	at org.apache.cxf.bus.spring.SpringBus.destroyBeans(SpringBus.java:131)
	at org.apache.cxf.bus.CXFBusImpl.shutdown(CXFBusImpl.java:217)
	at org.apache.cxf.bus.CXFBusImpl.shutdown(CXFBusImpl.java:199)
	at sun.reflect.NativeMethodAccessorImpl.invoke0(Native Method)
	at sun.reflect.NativeMethodAccessorImpl.invoke(NativeMethodAccessorImpl.java:62)
	at sun.reflect.DelegatingMethodAccessorImpl.invoke(DelegatingMethodAccessorImpl.java:43)
	at java.lang.reflect.Method.invoke(Method.java:498)
	at org.springframework.beans.factory.support.DisposableBeanAdapter.invokeCustomDestroyMethod(DisposableBeanAdapter.java:273)
	at org.springframework.beans.factory.support.DisposableBeanAdapter.destroy(DisposableBeanAdapter.java:199)
	at org.springframework.beans.factory.support.DefaultSingletonBeanRegistry.destroyBean(DefaultSingletonBeanRegistry.java:487)
	at org.springframework.beans.factory.support.DefaultSingletonBeanRegistry.destroySingleton(DefaultSingletonBeanRegistry.java:463)
	at org.springframework.beans.factory.support.DefaultSingletonBeanRegistry.destroySingletons(DefaultSingletonBeanRegistry.java:431)
	at org.springframework.context.support.AbstractApplicationContext.destroyBeans(AbstractApplicationContext.java:1048)
	at org.springframework.context.support.AbstractApplicationContext.refresh(AbstractApplicationContext.java:433)
	at org.springframework.context.support.ClassPathXmlApplicationContext.<init>(ClassPathXmlApplicationContext.java:139)
	at org.springframework.context.support.ClassPathXmlApplicationContext.<init>(ClassPathXmlApplicationContext.java:93)
	at com.reflect.main.TestMain.main(TestMain.java:17)
2017-11-18 01:01:43[][main] INFO [org.springframework.beans.factory.support.DefaultListableBeanFactory] Destroying singletons in org.springframework.beans.factory.support.DefaultListableBeanFactory@3d99d22e: defining beans [org.springframework.context.annotation.internalConfigurationAnnotationProcessor,org.springframework.context.annotation.internalAutowiredAnnotationProcessor,org.springframework.context.annotation.internalRequiredAnnotationProcessor,org.springframework.context.annotation.internalCommonAnnotationProcessor,wsInvoker,setMapParamService,setMapParamSender,cxf,org.apache.cxf.bus.spring.BusWiringBeanFactoryPostProcessor,org.apache.cxf.bus.spring.Jsr250BeanPostProcessor,org.apache.cxf.bus.spring.BusExtensionPostProcessor,org.apache.cxf.binding.soap.SoapBindingFactory,org.apache.cxf.binding.soap.SoapTransportFactory,org.apache.cxf.binding.soap.customEditorConfigurer]; root of factory hierarchy
2017-11-18 01:01:57[][main] INFO [org.springframework.context.support.ClassPathXmlApplicationContext] Refreshing org.springframework.context.support.ClassPathXmlApplicationContext@66133adc: startup date [Sat Nov 18 01:01:57 CST 2017]; root of context hierarchy
2017-11-18 01:01:57[][main] INFO [org.springframework.beans.factory.xml.XmlBeanDefinitionReader] Loading XML bean definitions from class path resource [applicationContext.xml]
2017-11-18 01:01:57[][main] INFO [org.springframework.context.annotation.ClassPathBeanDefinitionScanner] JSR-250 'javax.annotation.ManagedBean' found and supported for component scanning
2017-11-18 01:01:57[][main] INFO [org.springframework.context.annotation.ClassPathBeanDefinitionScanner] JSR-330 'javax.inject.Named' annotation found and supported for component scanning
2017-11-18 01:01:57[][main] INFO [org.springframework.context.annotation.ClassPathBeanDefinitionScanner] JSR-250 'javax.annotation.ManagedBean' found and supported for component scanning
2017-11-18 01:01:57[][main] INFO [org.springframework.context.annotation.ClassPathBeanDefinitionScanner] JSR-330 'javax.inject.Named' annotation found and supported for component scanning
2017-11-18 01:01:57[][main] INFO [org.springframework.context.annotation.ClassPathBeanDefinitionScanner] JSR-250 'javax.annotation.ManagedBean' found and supported for component scanning
2017-11-18 01:01:57[][main] INFO [org.springframework.context.annotation.ClassPathBeanDefinitionScanner] JSR-330 'javax.inject.Named' annotation found and supported for component scanning
2017-11-18 01:01:57[][main] INFO [org.springframework.beans.factory.xml.XmlBeanDefinitionReader] Loading XML bean definitions from class path resource [applicationContext-cxf.xml]
2017-11-18 01:01:57[][main] INFO [org.springframework.beans.factory.xml.XmlBeanDefinitionReader] Loading XML bean definitions from class path resource [META-INF/cxf/cxf.xml]
2017-11-18 01:01:57[][main] INFO [org.springframework.beans.factory.xml.XmlBeanDefinitionReader] Loading XML bean definitions from class path resource [META-INF/cxf/cxf-servlet.xml]
2017-11-18 01:01:57[][main] INFO [org.springframework.beans.factory.xml.XmlBeanDefinitionReader] Loading XML bean definitions from class path resource [META-INF/cxf/cxf-extension-soap.xml]
2017-11-18 01:01:58[][main] INFO [org.springframework.beans.factory.annotation.AutowiredAnnotationBeanPostProcessor] JSR-330 'javax.inject.Inject' annotation found and supported for autowiring
2017-11-18 01:01:58[][main] INFO [org.springframework.beans.factory.support.DefaultListableBeanFactory] Pre-instantiating singletons in org.springframework.beans.factory.support.DefaultListableBeanFactory@3d99d22e: defining beans [org.springframework.context.annotation.internalConfigurationAnnotationProcessor,org.springframework.context.annotation.internalAutowiredAnnotationProcessor,org.springframework.context.annotation.internalRequiredAnnotationProcessor,org.springframework.context.annotation.internalCommonAnnotationProcessor,wsInvoker,setMapParamService,setMapParamSender,cxf,org.apache.cxf.bus.spring.BusWiringBeanFactoryPostProcessor,org.apache.cxf.bus.spring.Jsr250BeanPostProcessor,org.apache.cxf.bus.spring.BusExtensionPostProcessor,org.apache.cxf.binding.soap.SoapBindingFactory,org.apache.cxf.binding.soap.SoapTransportFactory,org.apache.cxf.binding.soap.customEditorConfigurer]; root of factory hierarchy
2017-11-18 01:01:58[][main] INFO [org.springframework.beans.factory.support.DefaultListableBeanFactory] Destroying singletons in org.springframework.beans.factory.support.DefaultListableBeanFactory@3d99d22e: defining beans [org.springframework.context.annotation.internalConfigurationAnnotationProcessor,org.springframework.context.annotation.internalAutowiredAnnotationProcessor,org.springframework.context.annotation.internalRequiredAnnotationProcessor,org.springframework.context.annotation.internalCommonAnnotationProcessor,wsInvoker,setMapParamService,setMapParamSender,cxf,org.apache.cxf.bus.spring.BusWiringBeanFactoryPostProcessor,org.apache.cxf.bus.spring.Jsr250BeanPostProcessor,org.apache.cxf.bus.spring.BusExtensionPostProcessor,org.apache.cxf.binding.soap.SoapBindingFactory,org.apache.cxf.binding.soap.SoapTransportFactory,org.apache.cxf.binding.soap.customEditorConfigurer]; root of factory hierarchy
2017-11-18 01:01:58[][main] INFO [org.springframework.context.support.ClassPathXmlApplicationContext] Closing org.springframework.context.support.ClassPathXmlApplicationContext@66133adc: startup date [Sat Nov 18 01:01:57 CST 2017]; root of context hierarchy
2017-11-18 01:01:58[][main] WARN [org.springframework.context.support.ClassPathXmlApplicationContext] Exception thrown from ApplicationListener handling ContextClosedEvent
org.springframework.beans.factory.BeanCreationNotAllowedException: Error creating bean with name 'cxf': Singleton bean creation not allowed while the singletons of this factory are in destruction (Do not request a bean from a BeanFactory in a destroy method implementation!)
	at org.springframework.beans.factory.support.DefaultSingletonBeanRegistry.getSingleton(DefaultSingletonBeanRegistry.java:209)
	at org.springframework.beans.factory.support.AbstractBeanFactory.doGetBean(AbstractBeanFactory.java:290)
	at org.springframework.beans.factory.support.AbstractBeanFactory.getBean(AbstractBeanFactory.java:196)
	at org.springframework.context.event.AbstractApplicationEventMulticaster.getApplicationListeners(AbstractApplicationEventMulticaster.java:148)
	at org.springframework.context.event.SimpleApplicationEventMulticaster.multicastEvent(SimpleApplicationEventMulticaster.java:86)
	at org.springframework.context.support.AbstractApplicationContext.publishEvent(AbstractApplicationContext.java:303)
	at org.springframework.context.support.AbstractApplicationContext.doClose(AbstractApplicationContext.java:1007)
	at org.springframework.context.support.AbstractApplicationContext.close(AbstractApplicationContext.java:970)
	at org.apache.cxf.bus.spring.SpringBus.destroyBeans(SpringBus.java:131)
	at org.apache.cxf.bus.CXFBusImpl.shutdown(CXFBusImpl.java:217)
	at org.apache.cxf.bus.CXFBusImpl.shutdown(CXFBusImpl.java:199)
	at sun.reflect.NativeMethodAccessorImpl.invoke0(Native Method)
	at sun.reflect.NativeMethodAccessorImpl.invoke(NativeMethodAccessorImpl.java:62)
	at sun.reflect.DelegatingMethodAccessorImpl.invoke(DelegatingMethodAccessorImpl.java:43)
	at java.lang.reflect.Method.invoke(Method.java:498)
	at org.springframework.beans.factory.support.DisposableBeanAdapter.invokeCustomDestroyMethod(DisposableBeanAdapter.java:273)
	at org.springframework.beans.factory.support.DisposableBeanAdapter.destroy(DisposableBeanAdapter.java:199)
	at org.springframework.beans.factory.support.DefaultSingletonBeanRegistry.destroyBean(DefaultSingletonBeanRegistry.java:487)
	at org.springframework.beans.factory.support.DefaultSingletonBeanRegistry.destroySingleton(DefaultSingletonBeanRegistry.java:463)
	at org.springframework.beans.factory.support.DefaultSingletonBeanRegistry.destroySingletons(DefaultSingletonBeanRegistry.java:431)
	at org.springframework.context.support.AbstractApplicationContext.destroyBeans(AbstractApplicationContext.java:1048)
	at org.springframework.context.support.AbstractApplicationContext.refresh(AbstractApplicationContext.java:433)
	at org.springframework.context.support.ClassPathXmlApplicationContext.<init>(ClassPathXmlApplicationContext.java:139)
	at org.springframework.context.support.ClassPathXmlApplicationContext.<init>(ClassPathXmlApplicationContext.java:93)
	at com.reflect.main.TestMain.main(TestMain.java:17)
2017-11-18 01:01:58[][main] WARN [org.springframework.context.support.ClassPathXmlApplicationContext] Exception thrown from LifecycleProcessor on context close
java.lang.IllegalStateException: LifecycleProcessor not initialized - call 'refresh' before invoking lifecycle methods via the context: org.springframework.context.support.ClassPathXmlApplicationContext@66133adc: startup date [Sat Nov 18 01:01:57 CST 2017]; root of context hierarchy
	at org.springframework.context.support.AbstractApplicationContext.getLifecycleProcessor(AbstractApplicationContext.java:329)
	at org.springframework.context.support.AbstractApplicationContext.doClose(AbstractApplicationContext.java:1015)
	at org.springframework.context.support.AbstractApplicationContext.close(AbstractApplicationContext.java:970)
	at org.apache.cxf.bus.spring.SpringBus.destroyBeans(SpringBus.java:131)
	at org.apache.cxf.bus.CXFBusImpl.shutdown(CXFBusImpl.java:217)
	at org.apache.cxf.bus.CXFBusImpl.shutdown(CXFBusImpl.java:199)
	at sun.reflect.NativeMethodAccessorImpl.invoke0(Native Method)
	at sun.reflect.NativeMethodAccessorImpl.invoke(NativeMethodAccessorImpl.java:62)
	at sun.reflect.DelegatingMethodAccessorImpl.invoke(DelegatingMethodAccessorImpl.java:43)
	at java.lang.reflect.Method.invoke(Method.java:498)
	at org.springframework.beans.factory.support.DisposableBeanAdapter.invokeCustomDestroyMethod(DisposableBeanAdapter.java:273)
	at org.springframework.beans.factory.support.DisposableBeanAdapter.destroy(DisposableBeanAdapter.java:199)
	at org.springframework.beans.factory.support.DefaultSingletonBeanRegistry.destroyBean(DefaultSingletonBeanRegistry.java:487)
	at org.springframework.beans.factory.support.DefaultSingletonBeanRegistry.destroySingleton(DefaultSingletonBeanRegistry.java:463)
	at org.springframework.beans.factory.support.DefaultSingletonBeanRegistry.destroySingletons(DefaultSingletonBeanRegistry.java:431)
	at org.springframework.context.support.AbstractApplicationContext.destroyBeans(AbstractApplicationContext.java:1048)
	at org.springframework.context.support.AbstractApplicationContext.refresh(AbstractApplicationContext.java:433)
	at org.springframework.context.support.ClassPathXmlApplicationContext.<init>(ClassPathXmlApplicationContext.java:139)
	at org.springframework.context.support.ClassPathXmlApplicationContext.<init>(ClassPathXmlApplicationContext.java:93)
	at com.reflect.main.TestMain.main(TestMain.java:17)
2017-11-18 01:01:58[][main] INFO [org.springframework.beans.factory.support.DefaultListableBeanFactory] Destroying singletons in org.springframework.beans.factory.support.DefaultListableBeanFactory@3d99d22e: defining beans [org.springframework.context.annotation.internalConfigurationAnnotationProcessor,org.springframework.context.annotation.internalAutowiredAnnotationProcessor,org.springframework.context.annotation.internalRequiredAnnotationProcessor,org.springframework.context.annotation.internalCommonAnnotationProcessor,wsInvoker,setMapParamService,setMapParamSender,cxf,org.apache.cxf.bus.spring.BusWiringBeanFactoryPostProcessor,org.apache.cxf.bus.spring.Jsr250BeanPostProcessor,org.apache.cxf.bus.spring.BusExtensionPostProcessor,org.apache.cxf.binding.soap.SoapBindingFactory,org.apache.cxf.binding.soap.SoapTransportFactory,org.apache.cxf.binding.soap.customEditorConfigurer]; root of factory hierarchy
2017-11-18 01:02:30[][main] INFO [org.springframework.context.support.ClassPathXmlApplicationContext] Refreshing org.springframework.context.support.ClassPathXmlApplicationContext@51e2adc7: startup date [Sat Nov 18 01:02:30 CST 2017]; root of context hierarchy
2017-11-18 01:02:31[][main] INFO [org.springframework.beans.factory.xml.XmlBeanDefinitionReader] Loading XML bean definitions from class path resource [applicationContext.xml]
2017-11-18 01:02:31[][main] INFO [org.springframework.context.annotation.ClassPathBeanDefinitionScanner] JSR-250 'javax.annotation.ManagedBean' found and supported for component scanning
2017-11-18 01:02:31[][main] INFO [org.springframework.context.annotation.ClassPathBeanDefinitionScanner] JSR-330 'javax.inject.Named' annotation found and supported for component scanning
2017-11-18 01:02:31[][main] INFO [org.springframework.context.annotation.ClassPathBeanDefinitionScanner] JSR-250 'javax.annotation.ManagedBean' found and supported for component scanning
2017-11-18 01:02:31[][main] INFO [org.springframework.context.annotation.ClassPathBeanDefinitionScanner] JSR-330 'javax.inject.Named' annotation found and supported for component scanning
2017-11-18 01:02:31[][main] INFO [org.springframework.context.annotation.ClassPathBeanDefinitionScanner] JSR-250 'javax.annotation.ManagedBean' found and supported for component scanning
2017-11-18 01:02:31[][main] INFO [org.springframework.context.annotation.ClassPathBeanDefinitionScanner] JSR-330 'javax.inject.Named' annotation found and supported for component scanning
2017-11-18 01:02:31[][main] INFO [org.springframework.beans.factory.xml.XmlBeanDefinitionReader] Loading XML bean definitions from class path resource [applicationContext-cxf.xml]
2017-11-18 01:02:31[][main] INFO [org.springframework.beans.factory.xml.XmlBeanDefinitionReader] Loading XML bean definitions from class path resource [META-INF/cxf/cxf.xml]
2017-11-18 01:02:31[][main] INFO [org.springframework.beans.factory.xml.XmlBeanDefinitionReader] Loading XML bean definitions from class path resource [META-INF/cxf/cxf-servlet.xml]
2017-11-18 01:02:31[][main] INFO [org.springframework.beans.factory.xml.XmlBeanDefinitionReader] Loading XML bean definitions from class path resource [META-INF/cxf/cxf-extension-soap.xml]
2017-11-18 01:02:32[][main] INFO [org.springframework.beans.factory.annotation.AutowiredAnnotationBeanPostProcessor] JSR-330 'javax.inject.Inject' annotation found and supported for autowiring
2017-11-18 01:02:32[][main] INFO [org.springframework.beans.factory.support.DefaultListableBeanFactory] Pre-instantiating singletons in org.springframework.beans.factory.support.DefaultListableBeanFactory@1649b0e6: defining beans [org.springframework.context.annotation.internalConfigurationAnnotationProcessor,org.springframework.context.annotation.internalAutowiredAnnotationProcessor,org.springframework.context.annotation.internalRequiredAnnotationProcessor,org.springframework.context.annotation.internalCommonAnnotationProcessor,wsInvoker,setMapParamService,setMapParamSender,cxf,org.apache.cxf.bus.spring.BusWiringBeanFactoryPostProcessor,org.apache.cxf.bus.spring.Jsr250BeanPostProcessor,org.apache.cxf.bus.spring.BusExtensionPostProcessor,org.apache.cxf.binding.soap.SoapBindingFactory,org.apache.cxf.binding.soap.SoapTransportFactory,org.apache.cxf.binding.soap.customEditorConfigurer]; root of factory hierarchy
2017-11-18 01:02:32[][main] INFO [org.springframework.beans.factory.support.DefaultListableBeanFactory] Destroying singletons in org.springframework.beans.factory.support.DefaultListableBeanFactory@1649b0e6: defining beans [org.springframework.context.annotation.internalConfigurationAnnotationProcessor,org.springframework.context.annotation.internalAutowiredAnnotationProcessor,org.springframework.context.annotation.internalRequiredAnnotationProcessor,org.springframework.context.annotation.internalCommonAnnotationProcessor,wsInvoker,setMapParamService,setMapParamSender,cxf,org.apache.cxf.bus.spring.BusWiringBeanFactoryPostProcessor,org.apache.cxf.bus.spring.Jsr250BeanPostProcessor,org.apache.cxf.bus.spring.BusExtensionPostProcessor,org.apache.cxf.binding.soap.SoapBindingFactory,org.apache.cxf.binding.soap.SoapTransportFactory,org.apache.cxf.binding.soap.customEditorConfigurer]; root of factory hierarchy
2017-11-18 01:02:32[][main] INFO [org.springframework.context.support.ClassPathXmlApplicationContext] Closing org.springframework.context.support.ClassPathXmlApplicationContext@51e2adc7: startup date [Sat Nov 18 01:02:30 CST 2017]; root of context hierarchy
2017-11-18 01:02:32[][main] WARN [org.springframework.context.support.ClassPathXmlApplicationContext] Exception thrown from ApplicationListener handling ContextClosedEvent
org.springframework.beans.factory.BeanCreationNotAllowedException: Error creating bean with name 'cxf': Singleton bean creation not allowed while the singletons of this factory are in destruction (Do not request a bean from a BeanFactory in a destroy method implementation!)
	at org.springframework.beans.factory.support.DefaultSingletonBeanRegistry.getSingleton(DefaultSingletonBeanRegistry.java:209)
	at org.springframework.beans.factory.support.AbstractBeanFactory.doGetBean(AbstractBeanFactory.java:290)
	at org.springframework.beans.factory.support.AbstractBeanFactory.getBean(AbstractBeanFactory.java:196)
	at org.springframework.context.event.AbstractApplicationEventMulticaster.getApplicationListeners(AbstractApplicationEventMulticaster.java:148)
	at org.springframework.context.event.SimpleApplicationEventMulticaster.multicastEvent(SimpleApplicationEventMulticaster.java:86)
	at org.springframework.context.support.AbstractApplicationContext.publishEvent(AbstractApplicationContext.java:303)
	at org.springframework.context.support.AbstractApplicationContext.doClose(AbstractApplicationContext.java:1007)
	at org.springframework.context.support.AbstractApplicationContext.close(AbstractApplicationContext.java:970)
	at org.apache.cxf.bus.spring.SpringBus.destroyBeans(SpringBus.java:131)
	at org.apache.cxf.bus.CXFBusImpl.shutdown(CXFBusImpl.java:217)
	at org.apache.cxf.bus.CXFBusImpl.shutdown(CXFBusImpl.java:199)
	at sun.reflect.NativeMethodAccessorImpl.invoke0(Native Method)
	at sun.reflect.NativeMethodAccessorImpl.invoke(NativeMethodAccessorImpl.java:62)
	at sun.reflect.DelegatingMethodAccessorImpl.invoke(DelegatingMethodAccessorImpl.java:43)
	at java.lang.reflect.Method.invoke(Method.java:498)
	at org.springframework.beans.factory.support.DisposableBeanAdapter.invokeCustomDestroyMethod(DisposableBeanAdapter.java:273)
	at org.springframework.beans.factory.support.DisposableBeanAdapter.destroy(DisposableBeanAdapter.java:199)
	at org.springframework.beans.factory.support.DefaultSingletonBeanRegistry.destroyBean(DefaultSingletonBeanRegistry.java:487)
	at org.springframework.beans.factory.support.DefaultSingletonBeanRegistry.destroySingleton(DefaultSingletonBeanRegistry.java:463)
	at org.springframework.beans.factory.support.DefaultSingletonBeanRegistry.destroySingletons(DefaultSingletonBeanRegistry.java:431)
	at org.springframework.context.support.AbstractApplicationContext.destroyBeans(AbstractApplicationContext.java:1048)
	at org.springframework.context.support.AbstractApplicationContext.refresh(AbstractApplicationContext.java:433)
	at org.springframework.context.support.ClassPathXmlApplicationContext.<init>(ClassPathXmlApplicationContext.java:139)
	at org.springframework.context.support.ClassPathXmlApplicationContext.<init>(ClassPathXmlApplicationContext.java:93)
	at com.reflect.main.TestMain.main(TestMain.java:17)
2017-11-18 01:02:32[][main] WARN [org.springframework.context.support.ClassPathXmlApplicationContext] Exception thrown from LifecycleProcessor on context close
java.lang.IllegalStateException: LifecycleProcessor not initialized - call 'refresh' before invoking lifecycle methods via the context: org.springframework.context.support.ClassPathXmlApplicationContext@51e2adc7: startup date [Sat Nov 18 01:02:30 CST 2017]; root of context hierarchy
	at org.springframework.context.support.AbstractApplicationContext.getLifecycleProcessor(AbstractApplicationContext.java:329)
	at org.springframework.context.support.AbstractApplicationContext.doClose(AbstractApplicationContext.java:1015)
	at org.springframework.context.support.AbstractApplicationContext.close(AbstractApplicationContext.java:970)
	at org.apache.cxf.bus.spring.SpringBus.destroyBeans(SpringBus.java:131)
	at org.apache.cxf.bus.CXFBusImpl.shutdown(CXFBusImpl.java:217)
	at org.apache.cxf.bus.CXFBusImpl.shutdown(CXFBusImpl.java:199)
	at sun.reflect.NativeMethodAccessorImpl.invoke0(Native Method)
	at sun.reflect.NativeMethodAccessorImpl.invoke(NativeMethodAccessorImpl.java:62)
	at sun.reflect.DelegatingMethodAccessorImpl.invoke(DelegatingMethodAccessorImpl.java:43)
	at java.lang.reflect.Method.invoke(Method.java:498)
	at org.springframework.beans.factory.support.DisposableBeanAdapter.invokeCustomDestroyMethod(DisposableBeanAdapter.java:273)
	at org.springframework.beans.factory.support.DisposableBeanAdapter.destroy(DisposableBeanAdapter.java:199)
	at org.springframework.beans.factory.support.DefaultSingletonBeanRegistry.destroyBean(DefaultSingletonBeanRegistry.java:487)
	at org.springframework.beans.factory.support.DefaultSingletonBeanRegistry.destroySingleton(DefaultSingletonBeanRegistry.java:463)
	at org.springframework.beans.factory.support.DefaultSingletonBeanRegistry.destroySingletons(DefaultSingletonBeanRegistry.java:431)
	at org.springframework.context.support.AbstractApplicationContext.destroyBeans(AbstractApplicationContext.java:1048)
	at org.springframework.context.support.AbstractApplicationContext.refresh(AbstractApplicationContext.java:433)
	at org.springframework.context.support.ClassPathXmlApplicationContext.<init>(ClassPathXmlApplicationContext.java:139)
	at org.springframework.context.support.ClassPathXmlApplicationContext.<init>(ClassPathXmlApplicationContext.java:93)
	at com.reflect.main.TestMain.main(TestMain.java:17)
2017-11-18 01:02:32[][main] INFO [org.springframework.beans.factory.support.DefaultListableBeanFactory] Destroying singletons in org.springframework.beans.factory.support.DefaultListableBeanFactory@1649b0e6: defining beans [org.springframework.context.annotation.internalConfigurationAnnotationProcessor,org.springframework.context.annotation.internalAutowiredAnnotationProcessor,org.springframework.context.annotation.internalRequiredAnnotationProcessor,org.springframework.context.annotation.internalCommonAnnotationProcessor,wsInvoker,setMapParamService,setMapParamSender,cxf,org.apache.cxf.bus.spring.BusWiringBeanFactoryPostProcessor,org.apache.cxf.bus.spring.Jsr250BeanPostProcessor,org.apache.cxf.bus.spring.BusExtensionPostProcessor,org.apache.cxf.binding.soap.SoapBindingFactory,org.apache.cxf.binding.soap.SoapTransportFactory,org.apache.cxf.binding.soap.customEditorConfigurer]; root of factory hierarchy
2017-11-18 01:03:38[][main] INFO [org.springframework.context.support.ClassPathXmlApplicationContext] Refreshing org.springframework.context.support.ClassPathXmlApplicationContext@51e2adc7: startup date [Sat Nov 18 01:03:38 CST 2017]; root of context hierarchy
2017-11-18 01:03:38[][main] INFO [org.springframework.beans.factory.xml.XmlBeanDefinitionReader] Loading XML bean definitions from class path resource [applicationContext.xml]
2017-11-18 01:03:38[][main] INFO [org.springframework.context.annotation.ClassPathBeanDefinitionScanner] JSR-250 'javax.annotation.ManagedBean' found and supported for component scanning
2017-11-18 01:03:38[][main] INFO [org.springframework.context.annotation.ClassPathBeanDefinitionScanner] JSR-330 'javax.inject.Named' annotation found and supported for component scanning
2017-11-18 01:03:38[][main] INFO [org.springframework.context.annotation.ClassPathBeanDefinitionScanner] JSR-250 'javax.annotation.ManagedBean' found and supported for component scanning
2017-11-18 01:03:38[][main] INFO [org.springframework.context.annotation.ClassPathBeanDefinitionScanner] JSR-330 'javax.inject.Named' annotation found and supported for component scanning
2017-11-18 01:03:38[][main] INFO [org.springframework.context.annotation.ClassPathBeanDefinitionScanner] JSR-250 'javax.annotation.ManagedBean' found and supported for component scanning
2017-11-18 01:03:38[][main] INFO [org.springframework.context.annotation.ClassPathBeanDefinitionScanner] JSR-330 'javax.inject.Named' annotation found and supported for component scanning
2017-11-18 01:03:38[][main] INFO [org.springframework.beans.factory.xml.XmlBeanDefinitionReader] Loading XML bean definitions from class path resource [applicationContext-cxf.xml]
2017-11-18 01:03:38[][main] INFO [org.springframework.beans.factory.xml.XmlBeanDefinitionReader] Loading XML bean definitions from class path resource [META-INF/cxf/cxf.xml]
2017-11-18 01:03:38[][main] INFO [org.springframework.beans.factory.xml.XmlBeanDefinitionReader] Loading XML bean definitions from class path resource [META-INF/cxf/cxf-servlet.xml]
2017-11-18 01:03:38[][main] INFO [org.springframework.beans.factory.xml.XmlBeanDefinitionReader] Loading XML bean definitions from class path resource [META-INF/cxf/cxf-extension-soap.xml]
2017-11-18 01:03:39[][main] INFO [org.springframework.beans.factory.annotation.AutowiredAnnotationBeanPostProcessor] JSR-330 'javax.inject.Inject' annotation found and supported for autowiring
2017-11-18 01:03:39[][main] INFO [org.springframework.beans.factory.support.DefaultListableBeanFactory] Pre-instantiating singletons in org.springframework.beans.factory.support.DefaultListableBeanFactory@1649b0e6: defining beans [org.springframework.context.annotation.internalConfigurationAnnotationProcessor,org.springframework.context.annotation.internalAutowiredAnnotationProcessor,org.springframework.context.annotation.internalRequiredAnnotationProcessor,org.springframework.context.annotation.internalCommonAnnotationProcessor,wsInvoker,setMapParamService,setMapParamSender,cxf,org.apache.cxf.bus.spring.BusWiringBeanFactoryPostProcessor,org.apache.cxf.bus.spring.Jsr250BeanPostProcessor,org.apache.cxf.bus.spring.BusExtensionPostProcessor,org.apache.cxf.binding.soap.SoapBindingFactory,org.apache.cxf.binding.soap.SoapTransportFactory,org.apache.cxf.binding.soap.customEditorConfigurer]; root of factory hierarchy
2017-11-18 01:03:39[][main] INFO [org.springframework.beans.factory.support.DefaultListableBeanFactory] Destroying singletons in org.springframework.beans.factory.support.DefaultListableBeanFactory@1649b0e6: defining beans [org.springframework.context.annotation.internalConfigurationAnnotationProcessor,org.springframework.context.annotation.internalAutowiredAnnotationProcessor,org.springframework.context.annotation.internalRequiredAnnotationProcessor,org.springframework.context.annotation.internalCommonAnnotationProcessor,wsInvoker,setMapParamService,setMapParamSender,cxf,org.apache.cxf.bus.spring.BusWiringBeanFactoryPostProcessor,org.apache.cxf.bus.spring.Jsr250BeanPostProcessor,org.apache.cxf.bus.spring.BusExtensionPostProcessor,org.apache.cxf.binding.soap.SoapBindingFactory,org.apache.cxf.binding.soap.SoapTransportFactory,org.apache.cxf.binding.soap.customEditorConfigurer]; root of factory hierarchy
2017-11-18 01:03:39[][main] INFO [org.springframework.context.support.ClassPathXmlApplicationContext] Closing org.springframework.context.support.ClassPathXmlApplicationContext@51e2adc7: startup date [Sat Nov 18 01:03:38 CST 2017]; root of context hierarchy
2017-11-18 01:03:39[][main] WARN [org.springframework.context.support.ClassPathXmlApplicationContext] Exception thrown from ApplicationListener handling ContextClosedEvent
org.springframework.beans.factory.BeanCreationNotAllowedException: Error creating bean with name 'cxf': Singleton bean creation not allowed while the singletons of this factory are in destruction (Do not request a bean from a BeanFactory in a destroy method implementation!)
	at org.springframework.beans.factory.support.DefaultSingletonBeanRegistry.getSingleton(DefaultSingletonBeanRegistry.java:209)
	at org.springframework.beans.factory.support.AbstractBeanFactory.doGetBean(AbstractBeanFactory.java:290)
	at org.springframework.beans.factory.support.AbstractBeanFactory.getBean(AbstractBeanFactory.java:196)
	at org.springframework.context.event.AbstractApplicationEventMulticaster.getApplicationListeners(AbstractApplicationEventMulticaster.java:148)
	at org.springframework.context.event.SimpleApplicationEventMulticaster.multicastEvent(SimpleApplicationEventMulticaster.java:86)
	at org.springframework.context.support.AbstractApplicationContext.publishEvent(AbstractApplicationContext.java:303)
	at org.springframework.context.support.AbstractApplicationContext.doClose(AbstractApplicationContext.java:1007)
	at org.springframework.context.support.AbstractApplicationContext.close(AbstractApplicationContext.java:970)
	at org.apache.cxf.bus.spring.SpringBus.destroyBeans(SpringBus.java:131)
	at org.apache.cxf.bus.CXFBusImpl.shutdown(CXFBusImpl.java:217)
	at org.apache.cxf.bus.CXFBusImpl.shutdown(CXFBusImpl.java:199)
	at sun.reflect.NativeMethodAccessorImpl.invoke0(Native Method)
	at sun.reflect.NativeMethodAccessorImpl.invoke(NativeMethodAccessorImpl.java:62)
	at sun.reflect.DelegatingMethodAccessorImpl.invoke(DelegatingMethodAccessorImpl.java:43)
	at java.lang.reflect.Method.invoke(Method.java:498)
	at org.springframework.beans.factory.support.DisposableBeanAdapter.invokeCustomDestroyMethod(DisposableBeanAdapter.java:273)
	at org.springframework.beans.factory.support.DisposableBeanAdapter.destroy(DisposableBeanAdapter.java:199)
	at org.springframework.beans.factory.support.DefaultSingletonBeanRegistry.destroyBean(DefaultSingletonBeanRegistry.java:487)
	at org.springframework.beans.factory.support.DefaultSingletonBeanRegistry.destroySingleton(DefaultSingletonBeanRegistry.java:463)
	at org.springframework.beans.factory.support.DefaultSingletonBeanRegistry.destroySingletons(DefaultSingletonBeanRegistry.java:431)
	at org.springframework.context.support.AbstractApplicationContext.destroyBeans(AbstractApplicationContext.java:1048)
	at org.springframework.context.support.AbstractApplicationContext.refresh(AbstractApplicationContext.java:433)
	at org.springframework.context.support.ClassPathXmlApplicationContext.<init>(ClassPathXmlApplicationContext.java:139)
	at org.springframework.context.support.ClassPathXmlApplicationContext.<init>(ClassPathXmlApplicationContext.java:93)
	at com.reflect.main.TestMain.main(TestMain.java:17)
2017-11-18 01:03:39[][main] WARN [org.springframework.context.support.ClassPathXmlApplicationContext] Exception thrown from LifecycleProcessor on context close
java.lang.IllegalStateException: LifecycleProcessor not initialized - call 'refresh' before invoking lifecycle methods via the context: org.springframework.context.support.ClassPathXmlApplicationContext@51e2adc7: startup date [Sat Nov 18 01:03:38 CST 2017]; root of context hierarchy
	at org.springframework.context.support.AbstractApplicationContext.getLifecycleProcessor(AbstractApplicationContext.java:329)
	at org.springframework.context.support.AbstractApplicationContext.doClose(AbstractApplicationContext.java:1015)
	at org.springframework.context.support.AbstractApplicationContext.close(AbstractApplicationContext.java:970)
	at org.apache.cxf.bus.spring.SpringBus.destroyBeans(SpringBus.java:131)
	at org.apache.cxf.bus.CXFBusImpl.shutdown(CXFBusImpl.java:217)
	at org.apache.cxf.bus.CXFBusImpl.shutdown(CXFBusImpl.java:199)
	at sun.reflect.NativeMethodAccessorImpl.invoke0(Native Method)
	at sun.reflect.NativeMethodAccessorImpl.invoke(NativeMethodAccessorImpl.java:62)
	at sun.reflect.DelegatingMethodAccessorImpl.invoke(DelegatingMethodAccessorImpl.java:43)
	at java.lang.reflect.Method.invoke(Method.java:498)
	at org.springframework.beans.factory.support.DisposableBeanAdapter.invokeCustomDestroyMethod(DisposableBeanAdapter.java:273)
	at org.springframework.beans.factory.support.DisposableBeanAdapter.destroy(DisposableBeanAdapter.java:199)
	at org.springframework.beans.factory.support.DefaultSingletonBeanRegistry.destroyBean(DefaultSingletonBeanRegistry.java:487)
	at org.springframework.beans.factory.support.DefaultSingletonBeanRegistry.destroySingleton(DefaultSingletonBeanRegistry.java:463)
	at org.springframework.beans.factory.support.DefaultSingletonBeanRegistry.destroySingletons(DefaultSingletonBeanRegistry.java:431)
	at org.springframework.context.support.AbstractApplicationContext.destroyBeans(AbstractApplicationContext.java:1048)
	at org.springframework.context.support.AbstractApplicationContext.refresh(AbstractApplicationContext.java:433)
	at org.springframework.context.support.ClassPathXmlApplicationContext.<init>(ClassPathXmlApplicationContext.java:139)
	at org.springframework.context.support.ClassPathXmlApplicationContext.<init>(ClassPathXmlApplicationContext.java:93)
	at com.reflect.main.TestMain.main(TestMain.java:17)
2017-11-18 01:03:39[][main] INFO [org.springframework.beans.factory.support.DefaultListableBeanFactory] Destroying singletons in org.springframework.beans.factory.support.DefaultListableBeanFactory@1649b0e6: defining beans [org.springframework.context.annotation.internalConfigurationAnnotationProcessor,org.springframework.context.annotation.internalAutowiredAnnotationProcessor,org.springframework.context.annotation.internalRequiredAnnotationProcessor,org.springframework.context.annotation.internalCommonAnnotationProcessor,wsInvoker,setMapParamService,setMapParamSender,cxf,org.apache.cxf.bus.spring.BusWiringBeanFactoryPostProcessor,org.apache.cxf.bus.spring.Jsr250BeanPostProcessor,org.apache.cxf.bus.spring.BusExtensionPostProcessor,org.apache.cxf.binding.soap.SoapBindingFactory,org.apache.cxf.binding.soap.SoapTransportFactory,org.apache.cxf.binding.soap.customEditorConfigurer]; root of factory hierarchy
2017-11-18 01:05:30[][main] INFO [org.springframework.context.support.ClassPathXmlApplicationContext] Refreshing org.springframework.context.support.ClassPathXmlApplicationContext@66133adc: startup date [Sat Nov 18 01:05:30 CST 2017]; root of context hierarchy
2017-11-18 01:05:30[][main] INFO [org.springframework.beans.factory.xml.XmlBeanDefinitionReader] Loading XML bean definitions from class path resource [applicationContext.xml]
2017-11-18 01:05:30[][main] INFO [org.springframework.context.annotation.ClassPathBeanDefinitionScanner] JSR-250 'javax.annotation.ManagedBean' found and supported for component scanning
2017-11-18 01:05:30[][main] INFO [org.springframework.context.annotation.ClassPathBeanDefinitionScanner] JSR-330 'javax.inject.Named' annotation found and supported for component scanning
2017-11-18 01:05:30[][main] INFO [org.springframework.context.annotation.ClassPathBeanDefinitionScanner] JSR-250 'javax.annotation.ManagedBean' found and supported for component scanning
2017-11-18 01:05:30[][main] INFO [org.springframework.context.annotation.ClassPathBeanDefinitionScanner] JSR-330 'javax.inject.Named' annotation found and supported for component scanning
2017-11-18 01:05:30[][main] INFO [org.springframework.context.annotation.ClassPathBeanDefinitionScanner] JSR-250 'javax.annotation.ManagedBean' found and supported for component scanning
2017-11-18 01:05:30[][main] INFO [org.springframework.context.annotation.ClassPathBeanDefinitionScanner] JSR-330 'javax.inject.Named' annotation found and supported for component scanning
2017-11-18 01:05:30[][main] INFO [org.springframework.context.annotation.ClassPathBeanDefinitionScanner] JSR-250 'javax.annotation.ManagedBean' found and supported for component scanning
2017-11-18 01:05:30[][main] INFO [org.springframework.context.annotation.ClassPathBeanDefinitionScanner] JSR-330 'javax.inject.Named' annotation found and supported for component scanning
2017-11-18 01:05:30[][main] INFO [org.springframework.context.annotation.ClassPathBeanDefinitionScanner] JSR-250 'javax.annotation.ManagedBean' found and supported for component scanning
2017-11-18 01:05:30[][main] INFO [org.springframework.context.annotation.ClassPathBeanDefinitionScanner] JSR-330 'javax.inject.Named' annotation found and supported for component scanning
2017-11-18 01:05:30[][main] INFO [org.springframework.context.annotation.ClassPathBeanDefinitionScanner] JSR-250 'javax.annotation.ManagedBean' found and supported for component scanning
2017-11-18 01:05:30[][main] INFO [org.springframework.context.annotation.ClassPathBeanDefinitionScanner] JSR-330 'javax.inject.Named' annotation found and supported for component scanning
2017-11-18 01:05:31[][main] INFO [org.springframework.beans.factory.xml.XmlBeanDefinitionReader] Loading XML bean definitions from class path resource [applicationContext-cxf.xml]
2017-11-18 01:05:31[][main] INFO [org.springframework.beans.factory.xml.XmlBeanDefinitionReader] Loading XML bean definitions from class path resource [META-INF/cxf/cxf.xml]
2017-11-18 01:05:31[][main] INFO [org.springframework.beans.factory.xml.XmlBeanDefinitionReader] Loading XML bean definitions from class path resource [META-INF/cxf/cxf-servlet.xml]
2017-11-18 01:05:31[][main] INFO [org.springframework.beans.factory.xml.XmlBeanDefinitionReader] Loading XML bean definitions from class path resource [META-INF/cxf/cxf-extension-soap.xml]
2017-11-18 01:05:31[][main] INFO [org.springframework.beans.factory.annotation.AutowiredAnnotationBeanPostProcessor] JSR-330 'javax.inject.Inject' annotation found and supported for autowiring
2017-11-18 01:05:31[][main] INFO [org.springframework.beans.factory.support.DefaultListableBeanFactory] Pre-instantiating singletons in org.springframework.beans.factory.support.DefaultListableBeanFactory@22a67b4: defining beans [org.springframework.context.annotation.internalConfigurationAnnotationProcessor,org.springframework.context.annotation.internalAutowiredAnnotationProcessor,org.springframework.context.annotation.internalRequiredAnnotationProcessor,org.springframework.context.annotation.internalCommonAnnotationProcessor,wsInvoker,wsServiceImp,setMapParamSender,cxf,org.apache.cxf.bus.spring.BusWiringBeanFactoryPostProcessor,org.apache.cxf.bus.spring.Jsr250BeanPostProcessor,org.apache.cxf.bus.spring.BusExtensionPostProcessor,org.apache.cxf.binding.soap.SoapBindingFactory,org.apache.cxf.binding.soap.SoapTransportFactory,org.apache.cxf.binding.soap.customEditorConfigurer]; root of factory hierarchy
2017-11-18 01:06:55[][main] INFO [org.springframework.context.support.ClassPathXmlApplicationContext] Refreshing org.springframework.context.support.ClassPathXmlApplicationContext@66133adc: startup date [Sat Nov 18 01:06:55 CST 2017]; root of context hierarchy
2017-11-18 01:06:55[][main] INFO [org.springframework.beans.factory.xml.XmlBeanDefinitionReader] Loading XML bean definitions from class path resource [applicationContext.xml]
2017-11-18 01:06:55[][main] INFO [org.springframework.context.annotation.ClassPathBeanDefinitionScanner] JSR-250 'javax.annotation.ManagedBean' found and supported for component scanning
2017-11-18 01:06:55[][main] INFO [org.springframework.context.annotation.ClassPathBeanDefinitionScanner] JSR-330 'javax.inject.Named' annotation found and supported for component scanning
2017-11-18 01:06:55[][main] INFO [org.springframework.context.annotation.ClassPathBeanDefinitionScanner] JSR-250 'javax.annotation.ManagedBean' found and supported for component scanning
2017-11-18 01:06:55[][main] INFO [org.springframework.context.annotation.ClassPathBeanDefinitionScanner] JSR-330 'javax.inject.Named' annotation found and supported for component scanning
2017-11-18 01:06:55[][main] INFO [org.springframework.context.annotation.ClassPathBeanDefinitionScanner] JSR-250 'javax.annotation.ManagedBean' found and supported for component scanning
2017-11-18 01:06:55[][main] INFO [org.springframework.context.annotation.ClassPathBeanDefinitionScanner] JSR-330 'javax.inject.Named' annotation found and supported for component scanning
2017-11-18 01:06:55[][main] INFO [org.springframework.context.annotation.ClassPathBeanDefinitionScanner] JSR-250 'javax.annotation.ManagedBean' found and supported for component scanning
2017-11-18 01:06:55[][main] INFO [org.springframework.context.annotation.ClassPathBeanDefinitionScanner] JSR-330 'javax.inject.Named' annotation found and supported for component scanning
2017-11-18 01:06:55[][main] INFO [org.springframework.context.annotation.ClassPathBeanDefinitionScanner] JSR-250 'javax.annotation.ManagedBean' found and supported for component scanning
2017-11-18 01:06:55[][main] INFO [org.springframework.context.annotation.ClassPathBeanDefinitionScanner] JSR-330 'javax.inject.Named' annotation found and supported for component scanning
2017-11-18 01:06:55[][main] INFO [org.springframework.context.annotation.ClassPathBeanDefinitionScanner] JSR-250 'javax.annotation.ManagedBean' found and supported for component scanning
2017-11-18 01:06:55[][main] INFO [org.springframework.context.annotation.ClassPathBeanDefinitionScanner] JSR-330 'javax.inject.Named' annotation found and supported for component scanning
2017-11-18 01:06:55[][main] INFO [org.springframework.beans.factory.xml.XmlBeanDefinitionReader] Loading XML bean definitions from class path resource [applicationContext-cxf.xml]
2017-11-18 01:06:55[][main] INFO [org.springframework.beans.factory.xml.XmlBeanDefinitionReader] Loading XML bean definitions from class path resource [META-INF/cxf/cxf.xml]
2017-11-18 01:06:55[][main] INFO [org.springframework.beans.factory.xml.XmlBeanDefinitionReader] Loading XML bean definitions from class path resource [META-INF/cxf/cxf-servlet.xml]
2017-11-18 01:06:55[][main] INFO [org.springframework.beans.factory.xml.XmlBeanDefinitionReader] Loading XML bean definitions from class path resource [META-INF/cxf/cxf-extension-soap.xml]
2017-11-18 01:06:56[][main] INFO [org.springframework.beans.factory.annotation.AutowiredAnnotationBeanPostProcessor] JSR-330 'javax.inject.Inject' annotation found and supported for autowiring
2017-11-18 01:06:56[][main] INFO [org.springframework.beans.factory.support.DefaultListableBeanFactory] Pre-instantiating singletons in org.springframework.beans.factory.support.DefaultListableBeanFactory@22a67b4: defining beans [org.springframework.context.annotation.internalConfigurationAnnotationProcessor,org.springframework.context.annotation.internalAutowiredAnnotationProcessor,org.springframework.context.annotation.internalRequiredAnnotationProcessor,org.springframework.context.annotation.internalCommonAnnotationProcessor,wsInvoker,wsServiceImp,setMapParamSender,cxf,org.apache.cxf.bus.spring.BusWiringBeanFactoryPostProcessor,org.apache.cxf.bus.spring.Jsr250BeanPostProcessor,org.apache.cxf.bus.spring.BusExtensionPostProcessor,org.apache.cxf.binding.soap.SoapBindingFactory,org.apache.cxf.binding.soap.SoapTransportFactory,org.apache.cxf.binding.soap.customEditorConfigurer]; root of factory hierarchy
2017-11-18 01:07:35[][main] INFO [org.springframework.context.support.ClassPathXmlApplicationContext] Refreshing org.springframework.context.support.ClassPathXmlApplicationContext@66133adc: startup date [Sat Nov 18 01:07:35 CST 2017]; root of context hierarchy
2017-11-18 01:07:35[][main] INFO [org.springframework.beans.factory.xml.XmlBeanDefinitionReader] Loading XML bean definitions from class path resource [applicationContext.xml]
2017-11-18 01:07:36[][main] INFO [org.springframework.context.annotation.ClassPathBeanDefinitionScanner] JSR-250 'javax.annotation.ManagedBean' found and supported for component scanning
2017-11-18 01:07:36[][main] INFO [org.springframework.context.annotation.ClassPathBeanDefinitionScanner] JSR-330 'javax.inject.Named' annotation found and supported for component scanning
2017-11-18 01:07:36[][main] INFO [org.springframework.context.annotation.ClassPathBeanDefinitionScanner] JSR-250 'javax.annotation.ManagedBean' found and supported for component scanning
2017-11-18 01:07:36[][main] INFO [org.springframework.context.annotation.ClassPathBeanDefinitionScanner] JSR-330 'javax.inject.Named' annotation found and supported for component scanning
2017-11-18 01:07:36[][main] INFO [org.springframework.context.annotation.ClassPathBeanDefinitionScanner] JSR-250 'javax.annotation.ManagedBean' found and supported for component scanning
2017-11-18 01:07:36[][main] INFO [org.springframework.context.annotation.ClassPathBeanDefinitionScanner] JSR-330 'javax.inject.Named' annotation found and supported for component scanning
2017-11-18 01:07:36[][main] INFO [org.springframework.context.annotation.ClassPathBeanDefinitionScanner] JSR-250 'javax.annotation.ManagedBean' found and supported for component scanning
2017-11-18 01:07:36[][main] INFO [org.springframework.context.annotation.ClassPathBeanDefinitionScanner] JSR-330 'javax.inject.Named' annotation found and supported for component scanning
2017-11-18 01:07:36[][main] INFO [org.springframework.context.annotation.ClassPathBeanDefinitionScanner] JSR-250 'javax.annotation.ManagedBean' found and supported for component scanning
2017-11-18 01:07:36[][main] INFO [org.springframework.context.annotation.ClassPathBeanDefinitionScanner] JSR-330 'javax.inject.Named' annotation found and supported for component scanning
2017-11-18 01:07:36[][main] INFO [org.springframework.context.annotation.ClassPathBeanDefinitionScanner] JSR-250 'javax.annotation.ManagedBean' found and supported for component scanning
2017-11-18 01:07:36[][main] INFO [org.springframework.context.annotation.ClassPathBeanDefinitionScanner] JSR-330 'javax.inject.Named' annotation found and supported for component scanning
2017-11-18 01:07:36[][main] INFO [org.springframework.context.annotation.ClassPathBeanDefinitionScanner] JSR-250 'javax.annotation.ManagedBean' found and supported for component scanning
2017-11-18 01:07:36[][main] INFO [org.springframework.context.annotation.ClassPathBeanDefinitionScanner] JSR-330 'javax.inject.Named' annotation found and supported for component scanning
2017-11-18 01:07:36[][main] INFO [org.springframework.beans.factory.xml.XmlBeanDefinitionReader] Loading XML bean definitions from class path resource [applicationContext-cxf.xml]
2017-11-18 01:07:36[][main] INFO [org.springframework.beans.factory.xml.XmlBeanDefinitionReader] Loading XML bean definitions from class path resource [META-INF/cxf/cxf.xml]
2017-11-18 01:07:36[][main] INFO [org.springframework.beans.factory.xml.XmlBeanDefinitionReader] Loading XML bean definitions from class path resource [META-INF/cxf/cxf-servlet.xml]
2017-11-18 01:07:36[][main] INFO [org.springframework.beans.factory.xml.XmlBeanDefinitionReader] Loading XML bean definitions from class path resource [META-INF/cxf/cxf-extension-soap.xml]
2017-11-18 01:07:37[][main] INFO [org.springframework.beans.factory.annotation.AutowiredAnnotationBeanPostProcessor] JSR-330 'javax.inject.Inject' annotation found and supported for autowiring
2017-11-18 01:07:37[][main] INFO [org.springframework.beans.factory.support.DefaultListableBeanFactory] Pre-instantiating singletons in org.springframework.beans.factory.support.DefaultListableBeanFactory@22a67b4: defining beans [org.springframework.context.annotation.internalConfigurationAnnotationProcessor,org.springframework.context.annotation.internalAutowiredAnnotationProcessor,org.springframework.context.annotation.internalRequiredAnnotationProcessor,org.springframework.context.annotation.internalCommonAnnotationProcessor,wsInvoker,wsServiceImp,setMapParamSender,testSetMapParamService,cxf,org.apache.cxf.bus.spring.BusWiringBeanFactoryPostProcessor,org.apache.cxf.bus.spring.Jsr250BeanPostProcessor,org.apache.cxf.bus.spring.BusExtensionPostProcessor,org.apache.cxf.binding.soap.SoapBindingFactory,org.apache.cxf.binding.soap.SoapTransportFactory,org.apache.cxf.binding.soap.customEditorConfigurer]; root of factory hierarchy
2017-11-18 01:13:56[][main] INFO [org.springframework.context.support.ClassPathXmlApplicationContext] Refreshing org.springframework.context.support.ClassPathXmlApplicationContext@51e2adc7: startup date [Sat Nov 18 01:13:56 CST 2017]; root of context hierarchy
2017-11-18 01:13:56[][main] INFO [org.springframework.beans.factory.xml.XmlBeanDefinitionReader] Loading XML bean definitions from class path resource [applicationContext.xml]
2017-11-18 01:13:57[][main] INFO [org.springframework.context.annotation.ClassPathBeanDefinitionScanner] JSR-250 'javax.annotation.ManagedBean' found and supported for component scanning
2017-11-18 01:13:57[][main] INFO [org.springframework.context.annotation.ClassPathBeanDefinitionScanner] JSR-330 'javax.inject.Named' annotation found and supported for component scanning
2017-11-18 01:13:57[][main] INFO [org.springframework.context.annotation.ClassPathBeanDefinitionScanner] JSR-250 'javax.annotation.ManagedBean' found and supported for component scanning
2017-11-18 01:13:57[][main] INFO [org.springframework.context.annotation.ClassPathBeanDefinitionScanner] JSR-330 'javax.inject.Named' annotation found and supported for component scanning
2017-11-18 01:13:57[][main] INFO [org.springframework.context.annotation.ClassPathBeanDefinitionScanner] JSR-250 'javax.annotation.ManagedBean' found and supported for component scanning
2017-11-18 01:13:57[][main] INFO [org.springframework.context.annotation.ClassPathBeanDefinitionScanner] JSR-330 'javax.inject.Named' annotation found and supported for component scanning
2017-11-18 01:13:57[][main] INFO [org.springframework.context.annotation.ClassPathBeanDefinitionScanner] JSR-250 'javax.annotation.ManagedBean' found and supported for component scanning
2017-11-18 01:13:57[][main] INFO [org.springframework.context.annotation.ClassPathBeanDefinitionScanner] JSR-330 'javax.inject.Named' annotation found and supported for component scanning
2017-11-18 01:13:57[][main] INFO [org.springframework.context.annotation.ClassPathBeanDefinitionScanner] JSR-250 'javax.annotation.ManagedBean' found and supported for component scanning
2017-11-18 01:13:57[][main] INFO [org.springframework.context.annotation.ClassPathBeanDefinitionScanner] JSR-330 'javax.inject.Named' annotation found and supported for component scanning
2017-11-18 01:13:57[][main] INFO [org.springframework.context.annotation.ClassPathBeanDefinitionScanner] JSR-250 'javax.annotation.ManagedBean' found and supported for component scanning
2017-11-18 01:13:57[][main] INFO [org.springframework.context.annotation.ClassPathBeanDefinitionScanner] JSR-330 'javax.inject.Named' annotation found and supported for component scanning
2017-11-18 01:13:57[][main] INFO [org.springframework.context.annotation.ClassPathBeanDefinitionScanner] JSR-250 'javax.annotation.ManagedBean' found and supported for component scanning
2017-11-18 01:13:57[][main] INFO [org.springframework.context.annotation.ClassPathBeanDefinitionScanner] JSR-330 'javax.inject.Named' annotation found and supported for component scanning
2017-11-18 01:13:57[][main] INFO [org.springframework.beans.factory.xml.XmlBeanDefinitionReader] Loading XML bean definitions from class path resource [applicationContext-cxf.xml]
2017-11-18 01:13:57[][main] INFO [org.springframework.beans.factory.xml.XmlBeanDefinitionReader] Loading XML bean definitions from class path resource [META-INF/cxf/cxf.xml]
2017-11-18 01:13:57[][main] INFO [org.springframework.beans.factory.xml.XmlBeanDefinitionReader] Loading XML bean definitions from class path resource [META-INF/cxf/cxf-servlet.xml]
2017-11-18 01:13:57[][main] INFO [org.springframework.beans.factory.xml.XmlBeanDefinitionReader] Loading XML bean definitions from class path resource [META-INF/cxf/cxf-extension-soap.xml]
2017-11-18 01:13:57[][main] INFO [org.springframework.beans.factory.annotation.AutowiredAnnotationBeanPostProcessor] JSR-330 'javax.inject.Inject' annotation found and supported for autowiring
2017-11-18 01:13:57[][main] INFO [org.springframework.beans.factory.support.DefaultListableBeanFactory] Pre-instantiating singletons in org.springframework.beans.factory.support.DefaultListableBeanFactory@2abf4075: defining beans [org.springframework.context.annotation.internalConfigurationAnnotationProcessor,org.springframework.context.annotation.internalAutowiredAnnotationProcessor,org.springframework.context.annotation.internalRequiredAnnotationProcessor,org.springframework.context.annotation.internalCommonAnnotationProcessor,wsInvoker,wsServiceImp,setMapParamSender,testSetMapParamService,cxf,org.apache.cxf.bus.spring.BusWiringBeanFactoryPostProcessor,org.apache.cxf.bus.spring.Jsr250BeanPostProcessor,org.apache.cxf.bus.spring.BusExtensionPostProcessor,org.apache.cxf.binding.soap.SoapBindingFactory,org.apache.cxf.binding.soap.SoapTransportFactory,org.apache.cxf.binding.soap.customEditorConfigurer]; root of factory hierarchy
