2017-11-28 16:03:23[][Timer-0] WARN [com.mchange.v2.async.ThreadPoolAsynchronousRunner] com.mchange.v2.async.ThreadPoolAsynchronousRunner$DeadlockDetector@616fdac -- APPARENT DEADLOCK!!! Creating emergency threads for unassigned pending tasks!
2017-11-28 16:03:23[][Timer-0] WARN [com.mchange.v2.async.ThreadPoolAsynchronousRunner] com.mchange.v2.async.ThreadPoolAsynchronousRunner$DeadlockDetector@616fdac -- APPARENT DEADLOCK!!! Complete Status: 
	Managed Threads: 3
	Active Threads: 3
	Active Tasks: 
		com.mchange.v2.resourcepool.BasicResourcePool$AcquireTask@767a9224 (com.mchange.v2.async.ThreadPoolAsynchronousRunner$PoolThread-#1)
		com.mchange.v2.resourcepool.BasicResourcePool$AcquireTask@6910b640 (com.mchange.v2.async.ThreadPoolAsynchronousRunner$PoolThread-#2)
		com.mchange.v2.resourcepool.BasicResourcePool$AcquireTask@482d59a3 (com.mchange.v2.async.ThreadPoolAsynchronousRunner$PoolThread-#0)
	Pending Tasks: 
		com.mchange.v2.resourcepool.BasicResourcePool$AcquireTask@1958015a
		com.mchange.v2.resourcepool.BasicResourcePool$AcquireTask@60c0c8b5
Pool thread stack traces:
	Thread[com.mchange.v2.async.ThreadPoolAsynchronousRunner$PoolThread-#1,5,main]
		java.net.PlainSocketImpl.socketConnect(Native Method)
		java.net.PlainSocketImpl.doConnect(PlainSocketImpl.java:351)
		java.net.PlainSocketImpl.connectToAddress(PlainSocketImpl.java:213)
		java.net.PlainSocketImpl.connect(PlainSocketImpl.java:200)
		java.net.SocksSocketImpl.connect(SocksSocketImpl.java:366)
		java.net.Socket.connect(Socket.java:529)
		java.net.Socket.connect(Socket.java:478)
		java.net.Socket.<init>(Socket.java:375)
		java.net.Socket.<init>(Socket.java:189)
		oracle.net.nt.TcpNTAdapter.connect(Unknown Source)
		oracle.net.nt.ConnOption.connect(Unknown Source)
		oracle.net.nt.ConnStrategy.execute(Unknown Source)
		oracle.net.resolver.AddrResolution.resolveAndExecute(Unknown Source)
		oracle.net.ns.NSProtocol.establishConnection(Unknown Source)
		oracle.net.ns.NSProtocol.connect(Unknown Source)
		oracle.jdbc.driver.T4CConnection.connect(T4CConnection.java:858)
		oracle.jdbc.driver.T4CConnection.logon(T4CConnection.java:268)
		oracle.jdbc.driver.PhysicalConnection.<init>(PhysicalConnection.java:441)
		oracle.jdbc.driver.T4CConnection.<init>(T4CConnection.java:165)
		oracle.jdbc.driver.T4CDriverExtension.getConnection(T4CDriverExtension.java:35)
		oracle.jdbc.driver.OracleDriver.connect(OracleDriver.java:801)
		com.mchange.v2.c3p0.DriverManagerDataSource.getConnection(DriverManagerDataSource.java:134)
		com.mchange.v2.c3p0.WrapperConnectionPoolDataSource.getPooledConnection(WrapperConnectionPoolDataSource.java:182)
		com.mchange.v2.c3p0.WrapperConnectionPoolDataSource.getPooledConnection(WrapperConnectionPoolDataSource.java:171)
		com.mchange.v2.c3p0.impl.C3P0PooledConnectionPool$1PooledConnectionResourcePoolManager.acquireResource(C3P0PooledConnectionPool.java:137)
		com.mchange.v2.resourcepool.BasicResourcePool.doAcquire(BasicResourcePool.java:1014)
		com.mchange.v2.resourcepool.BasicResourcePool.access$800(BasicResourcePool.java:32)
		com.mchange.v2.resourcepool.BasicResourcePool$AcquireTask.run(BasicResourcePool.java:1810)
		com.mchange.v2.async.ThreadPoolAsynchronousRunner$PoolThread.run(ThreadPoolAsynchronousRunner.java:547)
	Thread[com.mchange.v2.async.ThreadPoolAsynchronousRunner$PoolThread-#2,5,main]
		java.net.PlainSocketImpl.socketConnect(Native Method)
		java.net.PlainSocketImpl.doConnect(PlainSocketImpl.java:351)
		java.net.PlainSocketImpl.connectToAddress(PlainSocketImpl.java:213)
		java.net.PlainSocketImpl.connect(PlainSocketImpl.java:200)
		java.net.SocksSocketImpl.connect(SocksSocketImpl.java:366)
		java.net.Socket.connect(Socket.java:529)
		java.net.Socket.connect(Socket.java:478)
		java.net.Socket.<init>(Socket.java:375)
		java.net.Socket.<init>(Socket.java:189)
		oracle.net.nt.TcpNTAdapter.connect(Unknown Source)
		oracle.net.nt.ConnOption.connect(Unknown Source)
		oracle.net.nt.ConnStrategy.execute(Unknown Source)
		oracle.net.resolver.AddrResolution.resolveAndExecute(Unknown Source)
		oracle.net.ns.NSProtocol.establishConnection(Unknown Source)
		oracle.net.ns.NSProtocol.connect(Unknown Source)
		oracle.jdbc.driver.T4CConnection.connect(T4CConnection.java:858)
		oracle.jdbc.driver.T4CConnection.logon(T4CConnection.java:268)
		oracle.jdbc.driver.PhysicalConnection.<init>(PhysicalConnection.java:441)
		oracle.jdbc.driver.T4CConnection.<init>(T4CConnection.java:165)
		oracle.jdbc.driver.T4CDriverExtension.getConnection(T4CDriverExtension.java:35)
		oracle.jdbc.driver.OracleDriver.connect(OracleDriver.java:801)
		com.mchange.v2.c3p0.DriverManagerDataSource.getConnection(DriverManagerDataSource.java:134)
		com.mchange.v2.c3p0.WrapperConnectionPoolDataSource.getPooledConnection(WrapperConnectionPoolDataSource.java:182)
		com.mchange.v2.c3p0.WrapperConnectionPoolDataSource.getPooledConnection(WrapperConnectionPoolDataSource.java:171)
		com.mchange.v2.c3p0.impl.C3P0PooledConnectionPool$1PooledConnectionResourcePoolManager.acquireResource(C3P0PooledConnectionPool.java:137)
		com.mchange.v2.resourcepool.BasicResourcePool.doAcquire(BasicResourcePool.java:1014)
		com.mchange.v2.resourcepool.BasicResourcePool.access$800(BasicResourcePool.java:32)
		com.mchange.v2.resourcepool.BasicResourcePool$AcquireTask.run(BasicResourcePool.java:1810)
		com.mchange.v2.async.ThreadPoolAsynchronousRunner$PoolThread.run(ThreadPoolAsynchronousRunner.java:547)
	Thread[com.mchange.v2.async.ThreadPoolAsynchronousRunner$PoolThread-#0,5,main]
		java.net.PlainSocketImpl.socketConnect(Native Method)
		java.net.PlainSocketImpl.doConnect(PlainSocketImpl.java:351)
		java.net.PlainSocketImpl.connectToAddress(PlainSocketImpl.java:213)
		java.net.PlainSocketImpl.connect(PlainSocketImpl.java:200)
		java.net.SocksSocketImpl.connect(SocksSocketImpl.java:366)
		java.net.Socket.connect(Socket.java:529)
		java.net.Socket.connect(Socket.java:478)
		java.net.Socket.<init>(Socket.java:375)
		java.net.Socket.<init>(Socket.java:189)
		oracle.net.nt.TcpNTAdapter.connect(Unknown Source)
		oracle.net.nt.ConnOption.connect(Unknown Source)
		oracle.net.nt.ConnStrategy.execute(Unknown Source)
		oracle.net.resolver.AddrResolution.resolveAndExecute(Unknown Source)
		oracle.net.ns.NSProtocol.establishConnection(Unknown Source)
		oracle.net.ns.NSProtocol.connect(Unknown Source)
		oracle.jdbc.driver.T4CConnection.connect(T4CConnection.java:858)
		oracle.jdbc.driver.T4CConnection.logon(T4CConnection.java:268)
		oracle.jdbc.driver.PhysicalConnection.<init>(PhysicalConnection.java:441)
		oracle.jdbc.driver.T4CConnection.<init>(T4CConnection.java:165)
		oracle.jdbc.driver.T4CDriverExtension.getConnection(T4CDriverExtension.java:35)
		oracle.jdbc.driver.OracleDriver.connect(OracleDriver.java:801)
		com.mchange.v2.c3p0.DriverManagerDataSource.getConnection(DriverManagerDataSource.java:134)
		com.mchange.v2.c3p0.WrapperConnectionPoolDataSource.getPooledConnection(WrapperConnectionPoolDataSource.java:182)
		com.mchange.v2.c3p0.WrapperConnectionPoolDataSource.getPooledConnection(WrapperConnectionPoolDataSource.java:171)
		com.mchange.v2.c3p0.impl.C3P0PooledConnectionPool$1PooledConnectionResourcePoolManager.acquireResource(C3P0PooledConnectionPool.java:137)
		com.mchange.v2.resourcepool.BasicResourcePool.doAcquire(BasicResourcePool.java:1014)
		com.mchange.v2.resourcepool.BasicResourcePool.access$800(BasicResourcePool.java:32)
		com.mchange.v2.resourcepool.BasicResourcePool$AcquireTask.run(BasicResourcePool.java:1810)
		com.mchange.v2.async.ThreadPoolAsynchronousRunner$PoolThread.run(ThreadPoolAsynchronousRunner.java:547)


2017-11-28 16:03:57[][Timer-0] WARN [com.mchange.v2.async.ThreadPoolAsynchronousRunner] com.mchange.v2.async.ThreadPoolAsynchronousRunner$DeadlockDetector@4013fba1 -- APPARENT DEADLOCK!!! Creating emergency threads for unassigned pending tasks!
2017-11-28 16:03:57[][Timer-0] WARN [com.mchange.v2.async.ThreadPoolAsynchronousRunner] com.mchange.v2.async.ThreadPoolAsynchronousRunner$DeadlockDetector@4013fba1 -- APPARENT DEADLOCK!!! Complete Status: 
	Managed Threads: 3
	Active Threads: 3
	Active Tasks: 
		com.mchange.v2.resourcepool.BasicResourcePool$AcquireTask@2e82674b (com.mchange.v2.async.ThreadPoolAsynchronousRunner$PoolThread-#1)
		com.mchange.v2.resourcepool.BasicResourcePool$AcquireTask@734b84c7 (com.mchange.v2.async.ThreadPoolAsynchronousRunner$PoolThread-#0)
		com.mchange.v2.resourcepool.BasicResourcePool$AcquireTask@62fa5ff3 (com.mchange.v2.async.ThreadPoolAsynchronousRunner$PoolThread-#2)
	Pending Tasks: 
		com.mchange.v2.resourcepool.BasicResourcePool$AcquireTask@23b17d49
		com.mchange.v2.resourcepool.BasicResourcePool$AcquireTask@599855ed
Pool thread stack traces:
	Thread[com.mchange.v2.async.ThreadPoolAsynchronousRunner$PoolThread-#1,5,main]
		java.net.PlainSocketImpl.socketConnect(Native Method)
		java.net.PlainSocketImpl.doConnect(PlainSocketImpl.java:351)
		java.net.PlainSocketImpl.connectToAddress(PlainSocketImpl.java:213)
		java.net.PlainSocketImpl.connect(PlainSocketImpl.java:200)
		java.net.SocksSocketImpl.connect(SocksSocketImpl.java:366)
		java.net.Socket.connect(Socket.java:529)
		java.net.Socket.connect(Socket.java:478)
		java.net.Socket.<init>(Socket.java:375)
		java.net.Socket.<init>(Socket.java:189)
		oracle.net.nt.TcpNTAdapter.connect(Unknown Source)
		oracle.net.nt.ConnOption.connect(Unknown Source)
		oracle.net.nt.ConnStrategy.execute(Unknown Source)
		oracle.net.resolver.AddrResolution.resolveAndExecute(Unknown Source)
		oracle.net.ns.NSProtocol.establishConnection(Unknown Source)
		oracle.net.ns.NSProtocol.connect(Unknown Source)
		oracle.jdbc.driver.T4CConnection.connect(T4CConnection.java:858)
		oracle.jdbc.driver.T4CConnection.logon(T4CConnection.java:268)
		oracle.jdbc.driver.PhysicalConnection.<init>(PhysicalConnection.java:441)
		oracle.jdbc.driver.T4CConnection.<init>(T4CConnection.java:165)
		oracle.jdbc.driver.T4CDriverExtension.getConnection(T4CDriverExtension.java:35)
		oracle.jdbc.driver.OracleDriver.connect(OracleDriver.java:801)
		com.mchange.v2.c3p0.DriverManagerDataSource.getConnection(DriverManagerDataSource.java:134)
		com.mchange.v2.c3p0.WrapperConnectionPoolDataSource.getPooledConnection(WrapperConnectionPoolDataSource.java:182)
		com.mchange.v2.c3p0.WrapperConnectionPoolDataSource.getPooledConnection(WrapperConnectionPoolDataSource.java:171)
		com.mchange.v2.c3p0.impl.C3P0PooledConnectionPool$1PooledConnectionResourcePoolManager.acquireResource(C3P0PooledConnectionPool.java:137)
		com.mchange.v2.resourcepool.BasicResourcePool.doAcquire(BasicResourcePool.java:1014)
		com.mchange.v2.resourcepool.BasicResourcePool.access$800(BasicResourcePool.java:32)
		com.mchange.v2.resourcepool.BasicResourcePool$AcquireTask.run(BasicResourcePool.java:1810)
		com.mchange.v2.async.ThreadPoolAsynchronousRunner$PoolThread.run(ThreadPoolAsynchronousRunner.java:547)
	Thread[com.mchange.v2.async.ThreadPoolAsynchronousRunner$PoolThread-#0,5,main]
		java.net.PlainSocketImpl.socketConnect(Native Method)
		java.net.PlainSocketImpl.doConnect(PlainSocketImpl.java:351)
		java.net.PlainSocketImpl.connectToAddress(PlainSocketImpl.java:213)
		java.net.PlainSocketImpl.connect(PlainSocketImpl.java:200)
		java.net.SocksSocketImpl.connect(SocksSocketImpl.java:366)
		java.net.Socket.connect(Socket.java:529)
		java.net.Socket.connect(Socket.java:478)
		java.net.Socket.<init>(Socket.java:375)
		java.net.Socket.<init>(Socket.java:189)
		oracle.net.nt.TcpNTAdapter.connect(Unknown Source)
		oracle.net.nt.ConnOption.connect(Unknown Source)
		oracle.net.nt.ConnStrategy.execute(Unknown Source)
		oracle.net.resolver.AddrResolution.resolveAndExecute(Unknown Source)
		oracle.net.ns.NSProtocol.establishConnection(Unknown Source)
		oracle.net.ns.NSProtocol.connect(Unknown Source)
		oracle.jdbc.driver.T4CConnection.connect(T4CConnection.java:858)
		oracle.jdbc.driver.T4CConnection.logon(T4CConnection.java:268)
		oracle.jdbc.driver.PhysicalConnection.<init>(PhysicalConnection.java:441)
		oracle.jdbc.driver.T4CConnection.<init>(T4CConnection.java:165)
		oracle.jdbc.driver.T4CDriverExtension.getConnection(T4CDriverExtension.java:35)
		oracle.jdbc.driver.OracleDriver.connect(OracleDriver.java:801)
		com.mchange.v2.c3p0.DriverManagerDataSource.getConnection(DriverManagerDataSource.java:134)
		com.mchange.v2.c3p0.WrapperConnectionPoolDataSource.getPooledConnection(WrapperConnectionPoolDataSource.java:182)
		com.mchange.v2.c3p0.WrapperConnectionPoolDataSource.getPooledConnection(WrapperConnectionPoolDataSource.java:171)
		com.mchange.v2.c3p0.impl.C3P0PooledConnectionPool$1PooledConnectionResourcePoolManager.acquireResource(C3P0PooledConnectionPool.java:137)
		com.mchange.v2.resourcepool.BasicResourcePool.doAcquire(BasicResourcePool.java:1014)
		com.mchange.v2.resourcepool.BasicResourcePool.access$800(BasicResourcePool.java:32)
		com.mchange.v2.resourcepool.BasicResourcePool$AcquireTask.run(BasicResourcePool.java:1810)
		com.mchange.v2.async.ThreadPoolAsynchronousRunner$PoolThread.run(ThreadPoolAsynchronousRunner.java:547)
	Thread[com.mchange.v2.async.ThreadPoolAsynchronousRunner$PoolThread-#2,5,main]
		java.net.PlainSocketImpl.socketConnect(Native Method)
		java.net.PlainSocketImpl.doConnect(PlainSocketImpl.java:351)
		java.net.PlainSocketImpl.connectToAddress(PlainSocketImpl.java:213)
		java.net.PlainSocketImpl.connect(PlainSocketImpl.java:200)
		java.net.SocksSocketImpl.connect(SocksSocketImpl.java:366)
		java.net.Socket.connect(Socket.java:529)
		java.net.Socket.connect(Socket.java:478)
		java.net.Socket.<init>(Socket.java:375)
		java.net.Socket.<init>(Socket.java:189)
		oracle.net.nt.TcpNTAdapter.connect(Unknown Source)
		oracle.net.nt.ConnOption.connect(Unknown Source)
		oracle.net.nt.ConnStrategy.execute(Unknown Source)
		oracle.net.resolver.AddrResolution.resolveAndExecute(Unknown Source)
		oracle.net.ns.NSProtocol.establishConnection(Unknown Source)
		oracle.net.ns.NSProtocol.connect(Unknown Source)
		oracle.jdbc.driver.T4CConnection.connect(T4CConnection.java:858)
		oracle.jdbc.driver.T4CConnection.logon(T4CConnection.java:268)
		oracle.jdbc.driver.PhysicalConnection.<init>(PhysicalConnection.java:441)
		oracle.jdbc.driver.T4CConnection.<init>(T4CConnection.java:165)
		oracle.jdbc.driver.T4CDriverExtension.getConnection(T4CDriverExtension.java:35)
		oracle.jdbc.driver.OracleDriver.connect(OracleDriver.java:801)
		com.mchange.v2.c3p0.DriverManagerDataSource.getConnection(DriverManagerDataSource.java:134)
		com.mchange.v2.c3p0.WrapperConnectionPoolDataSource.getPooledConnection(WrapperConnectionPoolDataSource.java:182)
		com.mchange.v2.c3p0.WrapperConnectionPoolDataSource.getPooledConnection(WrapperConnectionPoolDataSource.java:171)
		com.mchange.v2.c3p0.impl.C3P0PooledConnectionPool$1PooledConnectionResourcePoolManager.acquireResource(C3P0PooledConnectionPool.java:137)
		com.mchange.v2.resourcepool.BasicResourcePool.doAcquire(BasicResourcePool.java:1014)
		com.mchange.v2.resourcepool.BasicResourcePool.access$800(BasicResourcePool.java:32)
		com.mchange.v2.resourcepool.BasicResourcePool$AcquireTask.run(BasicResourcePool.java:1810)
		com.mchange.v2.async.ThreadPoolAsynchronousRunner$PoolThread.run(ThreadPoolAsynchronousRunner.java:547)


2017-11-28 16:04:38[][Timer-0] WARN [com.mchange.v2.async.ThreadPoolAsynchronousRunner] Task com.mchange.v2.resourcepool.BasicResourcePool$AcquireTask@767a9224 (in deadlocked PoolThread) failed to complete in maximum time 60000ms. Trying interrupt().
2017-11-28 16:04:38[][Timer-0] WARN [com.mchange.v2.async.ThreadPoolAsynchronousRunner] Task com.mchange.v2.resourcepool.BasicResourcePool$AcquireTask@6910b640 (in deadlocked PoolThread) failed to complete in maximum time 60000ms. Trying interrupt().
2017-11-28 16:04:38[][Timer-0] WARN [com.mchange.v2.async.ThreadPoolAsynchronousRunner] Task com.mchange.v2.resourcepool.BasicResourcePool$AcquireTask@482d59a3 (in deadlocked PoolThread) failed to complete in maximum time 60000ms. Trying interrupt().
2017-11-28 16:04:52[][com.mchange.v2.async.ThreadPoolAsynchronousRunner$PoolThread-#0] WARN [com.mchange.v2.resourcepool.BasicResourcePool] com.mchange.v2.resourcepool.BasicResourcePool@36bf7916 -- Thread unexpectedly interrupted while performing an acquisition attempt.
java.lang.InterruptedException: sleep interrupted
	at java.lang.Thread.sleep(Native Method)
	at com.mchange.v2.resourcepool.BasicResourcePool$AcquireTask.run(BasicResourcePool.java:1805)
	at com.mchange.v2.async.ThreadPoolAsynchronousRunner$PoolThread.run(ThreadPoolAsynchronousRunner.java:547)
2017-11-28 16:04:52[][com.mchange.v2.async.ThreadPoolAsynchronousRunner$PoolThread-#1] WARN [com.mchange.v2.resourcepool.BasicResourcePool] com.mchange.v2.resourcepool.BasicResourcePool@36bf7916 -- Thread unexpectedly interrupted while performing an acquisition attempt.
java.lang.InterruptedException: sleep interrupted
	at java.lang.Thread.sleep(Native Method)
	at com.mchange.v2.resourcepool.BasicResourcePool$AcquireTask.run(BasicResourcePool.java:1805)
	at com.mchange.v2.async.ThreadPoolAsynchronousRunner$PoolThread.run(ThreadPoolAsynchronousRunner.java:547)
2017-11-28 16:04:52[][com.mchange.v2.async.ThreadPoolAsynchronousRunner$PoolThread-#2] WARN [com.mchange.v2.resourcepool.BasicResourcePool] com.mchange.v2.resourcepool.BasicResourcePool@36bf7916 -- Thread unexpectedly interrupted while performing an acquisition attempt.
java.lang.InterruptedException: sleep interrupted
	at java.lang.Thread.sleep(Native Method)
	at com.mchange.v2.resourcepool.BasicResourcePool$AcquireTask.run(BasicResourcePool.java:1805)
	at com.mchange.v2.async.ThreadPoolAsynchronousRunner$PoolThread.run(ThreadPoolAsynchronousRunner.java:547)
2017-11-28 16:05:29[][Timer-0] WARN [com.mchange.v2.async.ThreadPoolAsynchronousRunner] com.mchange.v2.async.ThreadPoolAsynchronousRunner$DeadlockDetector@56f449b8 -- APPARENT DEADLOCK!!! Creating emergency threads for unassigned pending tasks!
2017-11-28 16:05:29[][Timer-0] WARN [com.mchange.v2.async.ThreadPoolAsynchronousRunner] com.mchange.v2.async.ThreadPoolAsynchronousRunner$DeadlockDetector@56f449b8 -- APPARENT DEADLOCK!!! Complete Status: 
	Managed Threads: 3
	Active Threads: 3
	Active Tasks: 
		com.mchange.v2.resourcepool.BasicResourcePool$AcquireTask@4ad61aef (com.mchange.v2.async.ThreadPoolAsynchronousRunner$PoolThread-#1)
		com.mchange.v2.resourcepool.BasicResourcePool$AcquireTask@2e82674b (com.mchange.v2.async.ThreadPoolAsynchronousRunner$PoolThread-#0)
		com.mchange.v2.resourcepool.BasicResourcePool$AcquireTask@734b84c7 (com.mchange.v2.async.ThreadPoolAsynchronousRunner$PoolThread-#2)
	Pending Tasks: 
		com.mchange.v2.resourcepool.BasicResourcePool$AcquireTask@62fa5ff3
		com.mchange.v2.resourcepool.BasicResourcePool$AcquireTask@23b17d49
Pool thread stack traces:
	Thread[com.mchange.v2.async.ThreadPoolAsynchronousRunner$PoolThread-#1,5,main]
		java.net.PlainSocketImpl.socketConnect(Native Method)
		java.net.PlainSocketImpl.doConnect(PlainSocketImpl.java:351)
		java.net.PlainSocketImpl.connectToAddress(PlainSocketImpl.java:213)
		java.net.PlainSocketImpl.connect(PlainSocketImpl.java:200)
		java.net.SocksSocketImpl.connect(SocksSocketImpl.java:366)
		java.net.Socket.connect(Socket.java:529)
		java.net.Socket.connect(Socket.java:478)
		java.net.Socket.<init>(Socket.java:375)
		java.net.Socket.<init>(Socket.java:189)
		oracle.net.nt.TcpNTAdapter.connect(Unknown Source)
		oracle.net.nt.ConnOption.connect(Unknown Source)
		oracle.net.nt.ConnStrategy.execute(Unknown Source)
		oracle.net.resolver.AddrResolution.resolveAndExecute(Unknown Source)
		oracle.net.ns.NSProtocol.establishConnection(Unknown Source)
		oracle.net.ns.NSProtocol.connect(Unknown Source)
		oracle.jdbc.driver.T4CConnection.connect(T4CConnection.java:858)
		oracle.jdbc.driver.T4CConnection.logon(T4CConnection.java:268)
		oracle.jdbc.driver.PhysicalConnection.<init>(PhysicalConnection.java:441)
		oracle.jdbc.driver.T4CConnection.<init>(T4CConnection.java:165)
		oracle.jdbc.driver.T4CDriverExtension.getConnection(T4CDriverExtension.java:35)
		oracle.jdbc.driver.OracleDriver.connect(OracleDriver.java:801)
		com.mchange.v2.c3p0.DriverManagerDataSource.getConnection(DriverManagerDataSource.java:134)
		com.mchange.v2.c3p0.WrapperConnectionPoolDataSource.getPooledConnection(WrapperConnectionPoolDataSource.java:182)
		com.mchange.v2.c3p0.WrapperConnectionPoolDataSource.getPooledConnection(WrapperConnectionPoolDataSource.java:171)
		com.mchange.v2.c3p0.impl.C3P0PooledConnectionPool$1PooledConnectionResourcePoolManager.acquireResource(C3P0PooledConnectionPool.java:137)
		com.mchange.v2.resourcepool.BasicResourcePool.doAcquire(BasicResourcePool.java:1014)
		com.mchange.v2.resourcepool.BasicResourcePool.access$800(BasicResourcePool.java:32)
		com.mchange.v2.resourcepool.BasicResourcePool$AcquireTask.run(BasicResourcePool.java:1810)
		com.mchange.v2.async.ThreadPoolAsynchronousRunner$PoolThread.run(ThreadPoolAsynchronousRunner.java:547)
	Thread[com.mchange.v2.async.ThreadPoolAsynchronousRunner$PoolThread-#0,5,main]
		java.net.PlainSocketImpl.socketConnect(Native Method)
		java.net.PlainSocketImpl.doConnect(PlainSocketImpl.java:351)
		java.net.PlainSocketImpl.connectToAddress(PlainSocketImpl.java:213)
		java.net.PlainSocketImpl.connect(PlainSocketImpl.java:200)
		java.net.SocksSocketImpl.connect(SocksSocketImpl.java:366)
		java.net.Socket.connect(Socket.java:529)
		java.net.Socket.connect(Socket.java:478)
		java.net.Socket.<init>(Socket.java:375)
		java.net.Socket.<init>(Socket.java:189)
		oracle.net.nt.TcpNTAdapter.connect(Unknown Source)
		oracle.net.nt.ConnOption.connect(Unknown Source)
		oracle.net.nt.ConnStrategy.execute(Unknown Source)
		oracle.net.resolver.AddrResolution.resolveAndExecute(Unknown Source)
		oracle.net.ns.NSProtocol.establishConnection(Unknown Source)
		oracle.net.ns.NSProtocol.connect(Unknown Source)
		oracle.jdbc.driver.T4CConnection.connect(T4CConnection.java:858)
		oracle.jdbc.driver.T4CConnection.logon(T4CConnection.java:268)
		oracle.jdbc.driver.PhysicalConnection.<init>(PhysicalConnection.java:441)
		oracle.jdbc.driver.T4CConnection.<init>(T4CConnection.java:165)
		oracle.jdbc.driver.T4CDriverExtension.getConnection(T4CDriverExtension.java:35)
		oracle.jdbc.driver.OracleDriver.connect(OracleDriver.java:801)
		com.mchange.v2.c3p0.DriverManagerDataSource.getConnection(DriverManagerDataSource.java:134)
		com.mchange.v2.c3p0.WrapperConnectionPoolDataSource.getPooledConnection(WrapperConnectionPoolDataSource.java:182)
		com.mchange.v2.c3p0.WrapperConnectionPoolDataSource.getPooledConnection(WrapperConnectionPoolDataSource.java:171)
		com.mchange.v2.c3p0.impl.C3P0PooledConnectionPool$1PooledConnectionResourcePoolManager.acquireResource(C3P0PooledConnectionPool.java:137)
		com.mchange.v2.resourcepool.BasicResourcePool.doAcquire(BasicResourcePool.java:1014)
		com.mchange.v2.resourcepool.BasicResourcePool.access$800(BasicResourcePool.java:32)
		com.mchange.v2.resourcepool.BasicResourcePool$AcquireTask.run(BasicResourcePool.java:1810)
		com.mchange.v2.async.ThreadPoolAsynchronousRunner$PoolThread.run(ThreadPoolAsynchronousRunner.java:547)
	Thread[com.mchange.v2.async.ThreadPoolAsynchronousRunner$PoolThread-#2,5,main]
		java.net.PlainSocketImpl.socketConnect(Native Method)
		java.net.PlainSocketImpl.doConnect(PlainSocketImpl.java:351)
		java.net.PlainSocketImpl.connectToAddress(PlainSocketImpl.java:213)
		java.net.PlainSocketImpl.connect(PlainSocketImpl.java:200)
		java.net.SocksSocketImpl.connect(SocksSocketImpl.java:366)
		java.net.Socket.connect(Socket.java:529)
		java.net.Socket.connect(Socket.java:478)
		java.net.Socket.<init>(Socket.java:375)
		java.net.Socket.<init>(Socket.java:189)
		oracle.net.nt.TcpNTAdapter.connect(Unknown Source)
		oracle.net.nt.ConnOption.connect(Unknown Source)
		oracle.net.nt.ConnStrategy.execute(Unknown Source)
		oracle.net.resolver.AddrResolution.resolveAndExecute(Unknown Source)
		oracle.net.ns.NSProtocol.establishConnection(Unknown Source)
		oracle.net.ns.NSProtocol.connect(Unknown Source)
		oracle.jdbc.driver.T4CConnection.connect(T4CConnection.java:858)
		oracle.jdbc.driver.T4CConnection.logon(T4CConnection.java:268)
		oracle.jdbc.driver.PhysicalConnection.<init>(PhysicalConnection.java:441)
		oracle.jdbc.driver.T4CConnection.<init>(T4CConnection.java:165)
		oracle.jdbc.driver.T4CDriverExtension.getConnection(T4CDriverExtension.java:35)
		oracle.jdbc.driver.OracleDriver.connect(OracleDriver.java:801)
		com.mchange.v2.c3p0.DriverManagerDataSource.getConnection(DriverManagerDataSource.java:134)
		com.mchange.v2.c3p0.WrapperConnectionPoolDataSource.getPooledConnection(WrapperConnectionPoolDataSource.java:182)
		com.mchange.v2.c3p0.WrapperConnectionPoolDataSource.getPooledConnection(WrapperConnectionPoolDataSource.java:171)
		com.mchange.v2.c3p0.impl.C3P0PooledConnectionPool$1PooledConnectionResourcePoolManager.acquireResource(C3P0PooledConnectionPool.java:137)
		com.mchange.v2.resourcepool.BasicResourcePool.doAcquire(BasicResourcePool.java:1014)
		com.mchange.v2.resourcepool.BasicResourcePool.access$800(BasicResourcePool.java:32)
		com.mchange.v2.resourcepool.BasicResourcePool$AcquireTask.run(BasicResourcePool.java:1810)
		com.mchange.v2.async.ThreadPoolAsynchronousRunner$PoolThread.run(ThreadPoolAsynchronousRunner.java:547)


2017-11-28 16:06:29[][Timer-0] WARN [com.mchange.v2.async.ThreadPoolAsynchronousRunner] Task com.mchange.v2.resourcepool.BasicResourcePool$AcquireTask@4ad61aef (in deadlocked PoolThread) failed to complete in maximum time 60000ms. Trying interrupt().
2017-11-28 16:06:29[][Timer-0] WARN [com.mchange.v2.async.ThreadPoolAsynchronousRunner] Task com.mchange.v2.resourcepool.BasicResourcePool$AcquireTask@2e82674b (in deadlocked PoolThread) failed to complete in maximum time 60000ms. Trying interrupt().
2017-11-28 16:06:29[][Timer-0] WARN [com.mchange.v2.async.ThreadPoolAsynchronousRunner] Task com.mchange.v2.resourcepool.BasicResourcePool$AcquireTask@734b84c7 (in deadlocked PoolThread) failed to complete in maximum time 60000ms. Trying interrupt().
2017-11-28 16:06:36[][com.mchange.v2.async.ThreadPoolAsynchronousRunner$PoolThread-#1] WARN [com.mchange.v2.resourcepool.BasicResourcePool] com.mchange.v2.resourcepool.BasicResourcePool@2db6235b -- Thread unexpectedly interrupted while performing an acquisition attempt.
java.lang.InterruptedException: sleep interrupted
	at java.lang.Thread.sleep(Native Method)
	at com.mchange.v2.resourcepool.BasicResourcePool$AcquireTask.run(BasicResourcePool.java:1805)
	at com.mchange.v2.async.ThreadPoolAsynchronousRunner$PoolThread.run(ThreadPoolAsynchronousRunner.java:547)
2017-11-28 16:06:36[][com.mchange.v2.async.ThreadPoolAsynchronousRunner$PoolThread-#2] WARN [com.mchange.v2.resourcepool.BasicResourcePool] com.mchange.v2.resourcepool.BasicResourcePool@2db6235b -- Thread unexpectedly interrupted while performing an acquisition attempt.
java.lang.InterruptedException: sleep interrupted
	at java.lang.Thread.sleep(Native Method)
	at com.mchange.v2.resourcepool.BasicResourcePool$AcquireTask.run(BasicResourcePool.java:1805)
	at com.mchange.v2.async.ThreadPoolAsynchronousRunner$PoolThread.run(ThreadPoolAsynchronousRunner.java:547)
2017-11-28 16:06:36[][com.mchange.v2.async.ThreadPoolAsynchronousRunner$PoolThread-#0] WARN [com.mchange.v2.resourcepool.BasicResourcePool] com.mchange.v2.resourcepool.BasicResourcePool@2db6235b -- Thread unexpectedly interrupted while performing an acquisition attempt.
java.lang.InterruptedException: sleep interrupted
	at java.lang.Thread.sleep(Native Method)
	at com.mchange.v2.resourcepool.BasicResourcePool$AcquireTask.run(BasicResourcePool.java:1805)
	at com.mchange.v2.async.ThreadPoolAsynchronousRunner$PoolThread.run(ThreadPoolAsynchronousRunner.java:547)
2017-11-28 16:16:29[][Task-Thread-for-com.mchange.v2.async.ThreadPerTaskAsynchronousRunner@58e5f46e] WARN [com.mchange.v2.resourcepool.BasicResourcePool] com.mchange.v2.resourcepool.BasicResourcePool$AcquireTask@62fa5ff3 -- Acquisition Attempt Failed!!! Clearing pending acquires. While trying to acquire a needed new resource, we failed to succeed more than the maximum number of allowed acquisition attempts (30). Last acquisition attempt exception: 
java.sql.SQLException: Io “Ï≥£: The Network Adapter could not establish the connection
	at oracle.jdbc.driver.DatabaseError.throwSqlException(DatabaseError.java:112)
	at oracle.jdbc.driver.DatabaseError.throwSqlException(DatabaseError.java:146)
	at oracle.jdbc.driver.DatabaseError.throwSqlException(DatabaseError.java:255)
	at oracle.jdbc.driver.T4CConnection.logon(T4CConnection.java:387)
	at oracle.jdbc.driver.PhysicalConnection.<init>(PhysicalConnection.java:441)
	at oracle.jdbc.driver.T4CConnection.<init>(T4CConnection.java:165)
	at oracle.jdbc.driver.T4CDriverExtension.getConnection(T4CDriverExtension.java:35)
	at oracle.jdbc.driver.OracleDriver.connect(OracleDriver.java:801)
	at com.mchange.v2.c3p0.DriverManagerDataSource.getConnection(DriverManagerDataSource.java:134)
	at com.mchange.v2.c3p0.WrapperConnectionPoolDataSource.getPooledConnection(WrapperConnectionPoolDataSource.java:182)
	at com.mchange.v2.c3p0.WrapperConnectionPoolDataSource.getPooledConnection(WrapperConnectionPoolDataSource.java:171)
	at com.mchange.v2.c3p0.impl.C3P0PooledConnectionPool$1PooledConnectionResourcePoolManager.acquireResource(C3P0PooledConnectionPool.java:137)
	at com.mchange.v2.resourcepool.BasicResourcePool.doAcquire(BasicResourcePool.java:1014)
	at com.mchange.v2.resourcepool.BasicResourcePool.access$800(BasicResourcePool.java:32)
	at com.mchange.v2.resourcepool.BasicResourcePool$AcquireTask.run(BasicResourcePool.java:1810)
	at com.mchange.v2.async.ThreadPerTaskAsynchronousRunner$TaskThread.run(ThreadPerTaskAsynchronousRunner.java:255)
2017-11-28 16:16:29[][Task-Thread-for-com.mchange.v2.async.ThreadPerTaskAsynchronousRunner@58e5f46e] WARN [com.mchange.v2.resourcepool.BasicResourcePool] com.mchange.v2.resourcepool.BasicResourcePool$AcquireTask@23b17d49 -- Acquisition Attempt Failed!!! Clearing pending acquires. While trying to acquire a needed new resource, we failed to succeed more than the maximum number of allowed acquisition attempts (30). Last acquisition attempt exception: 
java.sql.SQLException: Io “Ï≥£: The Network Adapter could not establish the connection
	at oracle.jdbc.driver.DatabaseError.throwSqlException(DatabaseError.java:112)
	at oracle.jdbc.driver.DatabaseError.throwSqlException(DatabaseError.java:146)
	at oracle.jdbc.driver.DatabaseError.throwSqlException(DatabaseError.java:255)
	at oracle.jdbc.driver.T4CConnection.logon(T4CConnection.java:387)
	at oracle.jdbc.driver.PhysicalConnection.<init>(PhysicalConnection.java:441)
	at oracle.jdbc.driver.T4CConnection.<init>(T4CConnection.java:165)
	at oracle.jdbc.driver.T4CDriverExtension.getConnection(T4CDriverExtension.java:35)
	at oracle.jdbc.driver.OracleDriver.connect(OracleDriver.java:801)
	at com.mchange.v2.c3p0.DriverManagerDataSource.getConnection(DriverManagerDataSource.java:134)
	at com.mchange.v2.c3p0.WrapperConnectionPoolDataSource.getPooledConnection(WrapperConnectionPoolDataSource.java:182)
	at com.mchange.v2.c3p0.WrapperConnectionPoolDataSource.getPooledConnection(WrapperConnectionPoolDataSource.java:171)
	at com.mchange.v2.c3p0.impl.C3P0PooledConnectionPool$1PooledConnectionResourcePoolManager.acquireResource(C3P0PooledConnectionPool.java:137)
	at com.mchange.v2.resourcepool.BasicResourcePool.doAcquire(BasicResourcePool.java:1014)
	at com.mchange.v2.resourcepool.BasicResourcePool.access$800(BasicResourcePool.java:32)
	at com.mchange.v2.resourcepool.BasicResourcePool$AcquireTask.run(BasicResourcePool.java:1810)
	at com.mchange.v2.async.ThreadPerTaskAsynchronousRunner$TaskThread.run(ThreadPerTaskAsynchronousRunner.java:255)
