2017-12-06 10:58:03[][main] INFO [org.springframework.context.support.ClassPathXmlApplicationContext] Refreshing org.springframework.context.support.ClassPathXmlApplicationContext@96fa474: startup date [Wed Dec 06 10:58:03 CST 2017]; root of context hierarchy
2017-12-06 10:58:04[][main] INFO [org.springframework.beans.factory.xml.XmlBeanDefinitionReader] Loading XML bean definitions from class path resource [applicationContext-redis.xml]
2017-12-06 10:58:05[][main] INFO [org.springframework.beans.factory.support.DefaultListableBeanFactory] Pre-instantiating singletons in org.springframework.beans.factory.support.DefaultListableBeanFactory@643ae941: defining beans [jedisPoolConfig,jedisPool]; root of factory hierarchy
2017-12-06 10:58:05[][main] INFO [org.springframework.beans.factory.support.DefaultListableBeanFactory] Destroying singletons in org.springframework.beans.factory.support.DefaultListableBeanFactory@643ae941: defining beans [jedisPoolConfig,jedisPool]; root of factory hierarchy
2017-12-06 10:58:38[][main] INFO [org.springframework.context.support.ClassPathXmlApplicationContext] Refreshing org.springframework.context.support.ClassPathXmlApplicationContext@95c083: startup date [Wed Dec 06 10:58:38 CST 2017]; root of context hierarchy
2017-12-06 10:58:38[][main] INFO [org.springframework.beans.factory.xml.XmlBeanDefinitionReader] Loading XML bean definitions from class path resource [applicationContext.xml]
2017-12-06 10:58:39[][main] INFO [com.mchange.v2.log.MLog] MLog clients using log4j logging.
2017-12-06 10:58:39[][main] INFO [com.mchange.v2.c3p0.C3P0Registry] Initializing c3p0-0.9.1.2 [built 21-May-2007 15:04:56; debug? true; trace: 10]
2017-12-06 10:58:40[][main] INFO [org.springframework.beans.factory.support.DefaultListableBeanFactory] Pre-instantiating singletons in org.springframework.beans.factory.support.DefaultListableBeanFactory@6f1f23e5: defining beans [org.springframework.context.annotation.internalConfigurationAnnotationProcessor,org.springframework.context.annotation.internalAutowiredAnnotationProcessor,org.springframework.context.annotation.internalRequiredAnnotationProcessor,org.springframework.context.annotation.internalCommonAnnotationProcessor,serviceMybatis,sqlSessionFactory,org.mybatis.spring.mapper.MapperScannerConfigurer#0,dataSource,org.springframework.context.annotation.ConfigurationClassPostProcessor$ImportAwareBeanPostProcessor#0,planOAVOMapper]; root of factory hierarchy
2017-12-06 10:58:40[][main] INFO [com.mchange.v2.c3p0.impl.AbstractPoolBackedDataSource] Initializing c3p0 pool... com.mchange.v2.c3p0.ComboPooledDataSource [ acquireIncrement -> 3, acquireRetryAttempts -> 30, acquireRetryDelay -> 1000, autoCommitOnClose -> false, automaticTestTable -> null, breakAfterAcquireFailure -> false, checkoutTimeout -> 0, connectionCustomizerClassName -> null, connectionTesterClassName -> com.mchange.v2.c3p0.impl.DefaultConnectionTester, dataSourceName -> z8kflt9sbl4ylhujcee4|21c783c5, debugUnreturnedConnectionStackTraces -> false, description -> null, driverClass -> oracle.jdbc.driver.OracleDriver, factoryClassLocation -> null, forceIgnoreUnresolvedTransactions -> false, identityToken -> z8kflt9sbl4ylhujcee4|21c783c5, idleConnectionTestPeriod -> 60, initialPoolSize -> 3, jdbcUrl -> jdbc:oracle:thin:@10.152.60.15:1521:wbglrjk, maxAdministrativeTaskTime -> 0, maxConnectionAge -> 0, maxIdleTime -> 600, maxIdleTimeExcessConnections -> 0, maxPoolSize -> 30, maxStatements -> 0, maxStatementsPerConnection -> 0, minPoolSize -> 5, numHelperThreads -> 3, numThreadsAwaitingCheckoutDefaultUser -> 0, preferredTestQuery -> null, properties -> {user=******, password=******}, propertyCycle -> 0, testConnectionOnCheckin -> false, testConnectionOnCheckout -> false, unreturnedConnectionTimeout -> 0, usesTraditionalReflectiveProxies -> false ]
2017-12-06 11:00:50[][main] INFO [org.springframework.context.support.ClassPathXmlApplicationContext] Refreshing org.springframework.context.support.ClassPathXmlApplicationContext@6791d8c1: startup date [Wed Dec 06 11:00:50 CST 2017]; root of context hierarchy
2017-12-06 11:00:50[][main] INFO [org.springframework.beans.factory.xml.XmlBeanDefinitionReader] Loading XML bean definitions from class path resource [applicationContext-redis.xml]
2017-12-06 11:00:51[][main] INFO [org.springframework.beans.factory.support.DefaultListableBeanFactory] Pre-instantiating singletons in org.springframework.beans.factory.support.DefaultListableBeanFactory@4dd36dfe: defining beans [jedisPoolConfig,jedisPool]; root of factory hierarchy
2017-12-06 11:01:54[][main] INFO [org.springframework.context.support.ClassPathXmlApplicationContext] Refreshing org.springframework.context.support.ClassPathXmlApplicationContext@657d5d2a: startup date [Wed Dec 06 11:01:54 CST 2017]; root of context hierarchy
2017-12-06 11:01:54[][main] INFO [org.springframework.beans.factory.xml.XmlBeanDefinitionReader] Loading XML bean definitions from class path resource [applicationContext-redis.xml]
2017-12-06 11:01:55[][main] INFO [org.springframework.beans.factory.support.DefaultListableBeanFactory] Pre-instantiating singletons in org.springframework.beans.factory.support.DefaultListableBeanFactory@6855a338: defining beans [jedisPoolConfig,jedisPool]; root of factory hierarchy
2017-12-06 11:24:35[][main] INFO [org.springframework.context.support.ClassPathXmlApplicationContext] Refreshing org.springframework.context.support.ClassPathXmlApplicationContext@96fa474: startup date [Wed Dec 06 11:24:35 CST 2017]; root of context hierarchy
2017-12-06 11:24:35[][main] INFO [org.springframework.beans.factory.xml.XmlBeanDefinitionReader] Loading XML bean definitions from class path resource [applicationContext-jedisCluster.xml]
2017-12-06 11:24:36[][main] INFO [org.springframework.beans.factory.support.DefaultListableBeanFactory] Pre-instantiating singletons in org.springframework.beans.factory.support.DefaultListableBeanFactory@dcb52ae: defining beans [jedisPoolConfig,jedisCluster]; root of factory hierarchy
2017-12-06 11:25:40[][main] INFO [org.springframework.context.support.ClassPathXmlApplicationContext] Refreshing org.springframework.context.support.ClassPathXmlApplicationContext@657d5d2a: startup date [Wed Dec 06 11:25:40 CST 2017]; root of context hierarchy
2017-12-06 11:25:40[][main] INFO [org.springframework.beans.factory.xml.XmlBeanDefinitionReader] Loading XML bean definitions from class path resource [applicationContext-jedisCluster.xml]
2017-12-06 11:25:41[][main] INFO [org.springframework.beans.factory.support.DefaultListableBeanFactory] Pre-instantiating singletons in org.springframework.beans.factory.support.DefaultListableBeanFactory@1fa12495: defining beans [jedisPoolConfig,jedisCluster]; root of factory hierarchy
2017-12-06 11:27:31[][main] INFO [org.springframework.context.support.ClassPathXmlApplicationContext] Refreshing org.springframework.context.support.ClassPathXmlApplicationContext@657d5d2a: startup date [Wed Dec 06 11:27:31 CST 2017]; root of context hierarchy
2017-12-06 11:27:31[][main] INFO [org.springframework.beans.factory.xml.XmlBeanDefinitionReader] Loading XML bean definitions from class path resource [applicationContext-jedisCluster.xml]
2017-12-06 11:27:32[][main] INFO [org.springframework.beans.factory.support.DefaultListableBeanFactory] Pre-instantiating singletons in org.springframework.beans.factory.support.DefaultListableBeanFactory@dcb52ae: defining beans [jedisPoolConfig,jedisCluster]; root of factory hierarchy
2017-12-06 11:28:19[][main] INFO [org.springframework.context.support.ClassPathXmlApplicationContext] Refreshing org.springframework.context.support.ClassPathXmlApplicationContext@657d5d2a: startup date [Wed Dec 06 11:28:19 CST 2017]; root of context hierarchy
2017-12-06 11:28:19[][main] INFO [org.springframework.beans.factory.xml.XmlBeanDefinitionReader] Loading XML bean definitions from class path resource [applicationContext-jedisCluster.xml]
2017-12-06 11:28:20[][main] INFO [org.springframework.beans.factory.support.DefaultListableBeanFactory] Pre-instantiating singletons in org.springframework.beans.factory.support.DefaultListableBeanFactory@dcb52ae: defining beans [jedisPoolConfig,jedisCluster]; root of factory hierarchy
2017-12-06 11:29:36[][main] INFO [org.springframework.context.support.ClassPathXmlApplicationContext] Refreshing org.springframework.context.support.ClassPathXmlApplicationContext@96fa474: startup date [Wed Dec 06 11:29:36 CST 2017]; root of context hierarchy
2017-12-06 11:29:36[][main] INFO [org.springframework.beans.factory.xml.XmlBeanDefinitionReader] Loading XML bean definitions from class path resource [applicationContext-jedisCluster.xml]
2017-12-06 11:29:37[][main] INFO [org.springframework.beans.factory.support.DefaultListableBeanFactory] Pre-instantiating singletons in org.springframework.beans.factory.support.DefaultListableBeanFactory@1fa12495: defining beans [jedisPoolConfig,jedisCluster]; root of factory hierarchy
2017-12-06 11:30:36[][main] INFO [org.springframework.context.support.ClassPathXmlApplicationContext] Refreshing org.springframework.context.support.ClassPathXmlApplicationContext@96fa474: startup date [Wed Dec 06 11:30:36 CST 2017]; root of context hierarchy
2017-12-06 11:30:36[][main] INFO [org.springframework.beans.factory.xml.XmlBeanDefinitionReader] Loading XML bean definitions from class path resource [applicationContext-redis.xml]
2017-12-06 11:30:37[][main] INFO [org.springframework.beans.factory.support.DefaultListableBeanFactory] Pre-instantiating singletons in org.springframework.beans.factory.support.DefaultListableBeanFactory@6855a338: defining beans [jedisPoolConfig,jedisPool]; root of factory hierarchy
2017-12-06 11:30:37[][main] INFO [org.springframework.beans.factory.support.DefaultListableBeanFactory] Destroying singletons in org.springframework.beans.factory.support.DefaultListableBeanFactory@6855a338: defining beans [jedisPoolConfig,jedisPool]; root of factory hierarchy
2017-12-06 11:31:01[][main] INFO [org.springframework.context.support.ClassPathXmlApplicationContext] Refreshing org.springframework.context.support.ClassPathXmlApplicationContext@657d5d2a: startup date [Wed Dec 06 11:31:01 CST 2017]; root of context hierarchy
2017-12-06 11:31:01[][main] INFO [org.springframework.beans.factory.xml.XmlBeanDefinitionReader] Loading XML bean definitions from class path resource [applicationContext-redis.xml]
2017-12-06 11:31:01[][main] INFO [org.springframework.beans.factory.support.DefaultListableBeanFactory] Pre-instantiating singletons in org.springframework.beans.factory.support.DefaultListableBeanFactory@6855a338: defining beans [jedisPoolConfig,jedisPool]; root of factory hierarchy
2017-12-06 11:31:20[][main] INFO [org.springframework.context.support.ClassPathXmlApplicationContext] Refreshing org.springframework.context.support.ClassPathXmlApplicationContext@657d5d2a: startup date [Wed Dec 06 11:31:20 CST 2017]; root of context hierarchy
2017-12-06 11:31:20[][main] INFO [org.springframework.beans.factory.xml.XmlBeanDefinitionReader] Loading XML bean definitions from class path resource [applicationContext-redis.xml]
2017-12-06 11:31:21[][main] INFO [org.springframework.beans.factory.support.DefaultListableBeanFactory] Pre-instantiating singletons in org.springframework.beans.factory.support.DefaultListableBeanFactory@2eb1074a: defining beans [jedisPoolConfig,jedisPool]; root of factory hierarchy
2017-12-06 15:09:42[][main] INFO [org.springframework.context.support.ClassPathXmlApplicationContext] Refreshing org.springframework.context.support.ClassPathXmlApplicationContext@96fa474: startup date [Wed Dec 06 15:09:42 CST 2017]; root of context hierarchy
2017-12-06 15:09:43[][main] INFO [org.springframework.beans.factory.xml.XmlBeanDefinitionReader] Loading XML bean definitions from class path resource [applicationContext-jedisCluster.xml]
2017-12-06 15:09:44[][main] INFO [org.springframework.beans.factory.support.DefaultListableBeanFactory] Pre-instantiating singletons in org.springframework.beans.factory.support.DefaultListableBeanFactory@dcb52ae: defining beans [jedisPoolConfig,jedisCluster]; root of factory hierarchy
2017-12-06 15:26:11[][main] INFO [org.springframework.context.support.ClassPathXmlApplicationContext] Refreshing org.springframework.context.support.ClassPathXmlApplicationContext@657d5d2a: startup date [Wed Dec 06 15:26:11 CST 2017]; root of context hierarchy
2017-12-06 15:26:11[][main] INFO [org.springframework.beans.factory.xml.XmlBeanDefinitionReader] Loading XML bean definitions from class path resource [applicationContext-jedisCluster.xml]
2017-12-06 15:26:12[][main] INFO [org.springframework.beans.factory.support.DefaultListableBeanFactory] Pre-instantiating singletons in org.springframework.beans.factory.support.DefaultListableBeanFactory@1fa12495: defining beans [jedisPoolConfig,jedisCluster]; root of factory hierarchy
2017-12-06 15:27:05[][main] INFO [org.springframework.context.support.ClassPathXmlApplicationContext] Refreshing org.springframework.context.support.ClassPathXmlApplicationContext@96fa474: startup date [Wed Dec 06 15:27:05 CST 2017]; root of context hierarchy
2017-12-06 15:27:05[][main] INFO [org.springframework.beans.factory.xml.XmlBeanDefinitionReader] Loading XML bean definitions from class path resource [applicationContext-jedisCluster.xml]
2017-12-06 15:27:06[][main] INFO [org.springframework.beans.factory.support.DefaultListableBeanFactory] Pre-instantiating singletons in org.springframework.beans.factory.support.DefaultListableBeanFactory@7a0d85cc: defining beans [jedisPoolConfig,jedisCluster]; root of factory hierarchy
2017-12-06 16:50:45[][main] INFO [org.springframework.context.support.ClassPathXmlApplicationContext] Refreshing org.springframework.context.support.ClassPathXmlApplicationContext@657d5d2a: startup date [Wed Dec 06 16:50:45 CST 2017]; root of context hierarchy
2017-12-06 16:50:45[][main] INFO [org.springframework.beans.factory.xml.XmlBeanDefinitionReader] Loading XML bean definitions from class path resource [applicationContext-jedisCluster.xml]
2017-12-06 16:50:46[][main] INFO [org.springframework.beans.factory.support.DefaultListableBeanFactory] Pre-instantiating singletons in org.springframework.beans.factory.support.DefaultListableBeanFactory@6825c828: defining beans [jedisPoolConfig,jedisCluster]; root of factory hierarchy
