2017-11-06 18:12:35[][main] INFO [org.springframework.context.support.ClassPathXmlApplicationContext] Refreshing org.springframework.context.support.ClassPathXmlApplicationContext@3a56f631: startup date [Mon Nov 06 18:12:35 CST 2017]; root of context hierarchy
2017-11-06 18:12:35[][main] INFO [org.springframework.beans.factory.xml.XmlBeanDefinitionReader] Loading XML bean definitions from class path resource [module/client-beans.xml]
2017-11-06 18:12:35[][main] INFO [org.springframework.beans.factory.xml.XmlBeanDefinitionReader] Loading XML bean definitions from class path resource [META-INF/cxf/cxf.xml]
2017-11-06 18:12:35[][main] INFO [org.springframework.beans.factory.xml.XmlBeanDefinitionReader] Loading XML bean definitions from class path resource [META-INF/cxf/cxf-extension-soap.xml]
2017-11-06 18:12:35[][main] INFO [org.springframework.beans.factory.xml.XmlBeanDefinitionReader] Loading XML bean definitions from class path resource [META-INF/cxf/cxf-extension-http-binding.xml]
2017-11-06 18:12:35[][main] INFO [org.springframework.beans.factory.xml.XmlBeanDefinitionReader] Loading XML bean definitions from class path resource [META-INF/cxf/cxf-extension-xml.xml]
2017-11-06 18:12:35[][main] INFO [org.springframework.beans.factory.xml.XmlBeanDefinitionReader] Loading XML bean definitions from class path resource [META-INF/cxf/cxf-servlet.xml]
2017-11-06 18:12:36[][main] INFO [org.springframework.beans.factory.support.DefaultListableBeanFactory] Pre-instantiating singletons in org.springframework.beans.factory.support.DefaultListableBeanFactory@6f67c6fd: defining beans [cxf,org.apache.cxf.bus.spring.BusWiringBeanFactoryPostProcessor,org.apache.cxf.bus.spring.Jsr250BeanPostProcessor,org.apache.cxf.bus.spring.BusExtensionPostProcessor,org.apache.cxf.binding.soap.SoapBindingFactory,org.apache.cxf.binding.soap.SoapTransportFactory,org.apache.cxf.binding.soap.customEditorConfigurer,org.apache.cxf.binding.http.HttpBindingFactory,org.apache.cxf.binding.xml.XMLBindingFactory,*.*,commonClientFactory,commonClient]; root of factory hierarchy
2017-11-06 19:04:24[][main] INFO [org.springframework.context.support.ClassPathXmlApplicationContext] Refreshing org.springframework.context.support.ClassPathXmlApplicationContext@6b359c1b: startup date [Mon Nov 06 19:04:24 CST 2017]; root of context hierarchy
2017-11-06 19:04:24[][main] INFO [org.springframework.beans.factory.xml.XmlBeanDefinitionReader] Loading XML bean definitions from class path resource [module/client-beans.xml]
2017-11-06 19:04:25[][main] INFO [org.springframework.beans.factory.xml.XmlBeanDefinitionReader] Loading XML bean definitions from class path resource [META-INF/cxf/cxf.xml]
2017-11-06 19:04:25[][main] INFO [org.springframework.beans.factory.xml.XmlBeanDefinitionReader] Loading XML bean definitions from class path resource [META-INF/cxf/cxf-extension-soap.xml]
2017-11-06 19:04:25[][main] INFO [org.springframework.beans.factory.xml.XmlBeanDefinitionReader] Loading XML bean definitions from class path resource [META-INF/cxf/cxf-extension-http-binding.xml]
2017-11-06 19:04:25[][main] INFO [org.springframework.beans.factory.xml.XmlBeanDefinitionReader] Loading XML bean definitions from class path resource [META-INF/cxf/cxf-extension-xml.xml]
2017-11-06 19:04:25[][main] INFO [org.springframework.beans.factory.xml.XmlBeanDefinitionReader] Loading XML bean definitions from class path resource [META-INF/cxf/cxf-servlet.xml]
2017-11-06 19:04:26[][main] INFO [org.springframework.beans.factory.support.DefaultListableBeanFactory] Pre-instantiating singletons in org.springframework.beans.factory.support.DefaultListableBeanFactory@1bb25a82: defining beans [cxf,org.apache.cxf.bus.spring.BusWiringBeanFactoryPostProcessor,org.apache.cxf.bus.spring.Jsr250BeanPostProcessor,org.apache.cxf.bus.spring.BusExtensionPostProcessor,org.apache.cxf.binding.soap.SoapBindingFactory,org.apache.cxf.binding.soap.SoapTransportFactory,org.apache.cxf.binding.soap.customEditorConfigurer,org.apache.cxf.binding.http.HttpBindingFactory,org.apache.cxf.binding.xml.XMLBindingFactory,*.*,commonClientFactory,commonClient]; root of factory hierarchy
2017-11-06 19:20:09[][main] INFO [org.springframework.context.support.ClassPathXmlApplicationContext] Refreshing org.springframework.context.support.ClassPathXmlApplicationContext@233d28e3: startup date [Mon Nov 06 19:20:09 CST 2017]; root of context hierarchy
2017-11-06 19:20:09[][main] INFO [org.springframework.beans.factory.xml.XmlBeanDefinitionReader] Loading XML bean definitions from class path resource [module/client-beans.xml]
2017-11-06 19:20:09[][main] INFO [org.springframework.beans.factory.xml.XmlBeanDefinitionReader] Loading XML bean definitions from class path resource [META-INF/cxf/cxf.xml]
2017-11-06 19:20:09[][main] INFO [org.springframework.beans.factory.xml.XmlBeanDefinitionReader] Loading XML bean definitions from class path resource [META-INF/cxf/cxf-extension-soap.xml]
2017-11-06 19:20:09[][main] INFO [org.springframework.beans.factory.xml.XmlBeanDefinitionReader] Loading XML bean definitions from class path resource [META-INF/cxf/cxf-extension-http-binding.xml]
2017-11-06 19:20:09[][main] INFO [org.springframework.beans.factory.xml.XmlBeanDefinitionReader] Loading XML bean definitions from class path resource [META-INF/cxf/cxf-extension-xml.xml]
2017-11-06 19:20:10[][main] INFO [org.springframework.beans.factory.xml.XmlBeanDefinitionReader] Loading XML bean definitions from class path resource [META-INF/cxf/cxf-servlet.xml]
2017-11-06 19:20:10[][main] INFO [org.springframework.beans.factory.support.DefaultListableBeanFactory] Pre-instantiating singletons in org.springframework.beans.factory.support.DefaultListableBeanFactory@6f67c6fd: defining beans [cxf,org.apache.cxf.bus.spring.BusWiringBeanFactoryPostProcessor,org.apache.cxf.bus.spring.Jsr250BeanPostProcessor,org.apache.cxf.bus.spring.BusExtensionPostProcessor,org.apache.cxf.binding.soap.SoapBindingFactory,org.apache.cxf.binding.soap.SoapTransportFactory,org.apache.cxf.binding.soap.customEditorConfigurer,org.apache.cxf.binding.http.HttpBindingFactory,org.apache.cxf.binding.xml.XMLBindingFactory,*.*,commonClientFactory,commonClient]; root of factory hierarchy
