2017-11-17 18:25:51[][main] DEBUG [org.springframework.context.annotation.ClassPathBeanDefinitionScanner] Identified candidate component class: file [E:\workspace\JavaWorkspace\SpringWebServiceCmdClient\WebRoot\WEB-INF\classes\com\reflect\sender\SetMapParamSender.class]
2017-11-17 18:25:51[][main] DEBUG [org.springframework.context.annotation.ClassPathBeanDefinitionScanner] Identified candidate component class: file [E:\workspace\JavaWorkspace\SpringWebServiceCmdClient\WebRoot\WEB-INF\classes\com\reflect\util\WsInvoker.class]
2017-11-17 18:25:51[][main] DEBUG [org.springframework.context.annotation.ClassPathBeanDefinitionScanner] Identified candidate component class: file [E:\workspace\JavaWorkspace\SpringWebServiceCmdClient\WebRoot\WEB-INF\classes\com\reflect\util\WsServiceImp.class]
2017-11-17 18:25:57[][main] INFO [org.springframework.context.annotation.ClassPathBeanDefinitionScanner] JSR-250 'javax.annotation.ManagedBean' found and supported for component scanning
2017-11-17 18:25:57[][main] INFO [org.springframework.context.annotation.ClassPathBeanDefinitionScanner] JSR-330 'javax.inject.Named' annotation found and supported for component scanning
2017-11-17 18:25:57[][main] DEBUG [org.springframework.core.io.support.PathMatchingResourcePatternResolver] Looking for matching resources in directory tree [E:\workspace\JavaWorkspace\SpringWebServiceCmdClient\WebRoot\WEB-INF\classes\com\reflect\util]
2017-11-17 18:25:57[][main] DEBUG [org.springframework.core.io.support.PathMatchingResourcePatternResolver] Searching directory [E:\workspace\JavaWorkspace\SpringWebServiceCmdClient\WebRoot\WEB-INF\classes\com\reflect\util] for files matching pattern [E:/workspace/JavaWorkspace/SpringWebServiceCmdClient/WebRoot/WEB-INF/classes/com/reflect/util/**/*.class]
2017-11-17 18:25:57[][main] DEBUG [org.springframework.core.io.support.PathMatchingResourcePatternResolver] Resolved location pattern [classpath*:com/reflect/util/**/*.class] to resources [file [E:\workspace\JavaWorkspace\SpringWebServiceCmdClient\WebRoot\WEB-INF\classes\com\reflect\util\IWsService.class], file [E:\workspace\JavaWorkspace\SpringWebServiceCmdClient\WebRoot\WEB-INF\classes\com\reflect\util\MapAdapter.class], file [E:\workspace\JavaWorkspace\SpringWebServiceCmdClient\WebRoot\WEB-INF\classes\com\reflect\util\MapConvertor$MapEntry.class], file [E:\workspace\JavaWorkspace\SpringWebServiceCmdClient\WebRoot\WEB-INF\classes\com\reflect\util\MapConvertor.class], file [E:\workspace\JavaWorkspace\SpringWebServiceCmdClient\WebRoot\WEB-INF\classes\com\reflect\util\RespStatus.class], file [E:\workspace\JavaWorkspace\SpringWebServiceCmdClient\WebRoot\WEB-INF\classes\com\reflect\util\SendReasonVO.class], file [E:\workspace\JavaWorkspace\SpringWebServiceCmdClient\WebRoot\WEB-INF\classes\com\reflect\util\ServiceResponse.class], file [E:\workspace\JavaWorkspace\SpringWebServiceCmdClient\WebRoot\WEB-INF\classes\com\reflect\util\WsDestEO.class], file [E:\workspace\JavaWorkspace\SpringWebServiceCmdClient\WebRoot\WEB-INF\classes\com\reflect\util\WsDestInfo.class], file [E:\workspace\JavaWorkspace\SpringWebServiceCmdClient\WebRoot\WEB-INF\classes\com\reflect\util\WsInvoker.class], file [E:\workspace\JavaWorkspace\SpringWebServiceCmdClient\WebRoot\WEB-INF\classes\com\reflect\util\WsInvokeResult.class], file [E:\workspace\JavaWorkspace\SpringWebServiceCmdClient\WebRoot\WEB-INF\classes\com\reflect\util\WsResponse.class], file [E:\workspace\JavaWorkspace\SpringWebServiceCmdClient\WebRoot\WEB-INF\classes\com\reflect\util\WsSender$1.class], file [E:\workspace\JavaWorkspace\SpringWebServiceCmdClient\WebRoot\WEB-INF\classes\com\reflect\util\WsSender.class], file [E:\workspace\JavaWorkspace\SpringWebServiceCmdClient\WebRoot\WEB-INF\classes\com\reflect\util\WsServiceImp.class], file [E:\workspace\JavaWorkspace\SpringWebServiceCmdClient\WebRoot\WEB-INF\classes\com\reflect\util\YesOrNo.class]]
2017-11-17 18:25:57[][main] DEBUG [org.springframework.context.annotation.ClassPathBeanDefinitionScanner] Identified candidate component class: file [E:\workspace\JavaWorkspace\SpringWebServiceCmdClient\WebRoot\WEB-INF\classes\com\reflect\util\WsInvoker.class]
2017-11-17 18:25:57[][main] DEBUG [org.springframework.context.annotation.ClassPathBeanDefinitionScanner] Identified candidate component class: file [E:\workspace\JavaWorkspace\SpringWebServiceCmdClient\WebRoot\WEB-INF\classes\com\reflect\util\WsServiceImp.class]
2017-11-17 18:25:57[][main] INFO [org.springframework.context.annotation.ClassPathBeanDefinitionScanner] JSR-250 'javax.annotation.ManagedBean' found and supported for component scanning
2017-11-17 18:25:57[][main] INFO [org.springframework.context.annotation.ClassPathBeanDefinitionScanner] JSR-330 'javax.inject.Named' annotation found and supported for component scanning
2017-11-17 18:25:57[][main] DEBUG [org.springframework.core.io.support.PathMatchingResourcePatternResolver] Looking for matching resources in directory tree [E:\workspace\JavaWorkspace\SpringWebServiceCmdClient\WebRoot\WEB-INF\classes\com\reflect\main]
2017-11-17 18:25:57[][main] DEBUG [org.springframework.core.io.support.PathMatchingResourcePatternResolver] Searching directory [E:\workspace\JavaWorkspace\SpringWebServiceCmdClient\WebRoot\WEB-INF\classes\com\reflect\main] for files matching pattern [E:/workspace/JavaWorkspace/SpringWebServiceCmdClient/WebRoot/WEB-INF/classes/com/reflect/main/**/*.class]
2017-11-17 18:25:57[][main] DEBUG [org.springframework.core.io.support.PathMatchingResourcePatternResolver] Resolved location pattern [classpath*:com/reflect/main/**/*.class] to resources [file [E:\workspace\JavaWorkspace\SpringWebServiceCmdClient\WebRoot\WEB-INF\classes\com\reflect\main\SetMapParamService.class], file [E:\workspace\JavaWorkspace\SpringWebServiceCmdClient\WebRoot\WEB-INF\classes\com\reflect\main\TestMain.class]]
2017-11-17 18:25:57[][main] INFO [org.springframework.context.annotation.ClassPathBeanDefinitionScanner] JSR-250 'javax.annotation.ManagedBean' found and supported for component scanning
2017-11-17 18:25:57[][main] INFO [org.springframework.context.annotation.ClassPathBeanDefinitionScanner] JSR-330 'javax.inject.Named' annotation found and supported for component scanning
2017-11-17 18:25:57[][main] DEBUG [org.springframework.core.io.support.PathMatchingResourcePatternResolver] Looking for matching resources in directory tree [E:\workspace\JavaWorkspace\SpringWebServiceCmdClient\WebRoot\WEB-INF\classes\com\reflect\sender]
2017-11-17 18:25:57[][main] DEBUG [org.springframework.core.io.support.PathMatchingResourcePatternResolver] Searching directory [E:\workspace\JavaWorkspace\SpringWebServiceCmdClient\WebRoot\WEB-INF\classes\com\reflect\sender] for files matching pattern [E:/workspace/JavaWorkspace/SpringWebServiceCmdClient/WebRoot/WEB-INF/classes/com/reflect/sender/**/*.class]
2017-11-17 18:25:57[][main] DEBUG [org.springframework.core.io.support.PathMatchingResourcePatternResolver] Resolved location pattern [classpath*:com/reflect/sender/**/*.class] to resources [file [E:\workspace\JavaWorkspace\SpringWebServiceCmdClient\WebRoot\WEB-INF\classes\com\reflect\sender\SetMapParamSender.class]]
2017-11-17 18:25:57[][main] DEBUG [org.springframework.context.annotation.ClassPathBeanDefinitionScanner] Identified candidate component class: file [E:\workspace\JavaWorkspace\SpringWebServiceCmdClient\WebRoot\WEB-INF\classes\com\reflect\sender\SetMapParamSender.class]
2017-11-17 18:25:57[][main] DEBUG [org.springframework.beans.factory.xml.XmlBeanDefinitionReader] Loaded 7 bean definitions from location pattern [applicationContext.xml]
2017-11-17 18:25:57[][main] DEBUG [org.springframework.context.support.ClassPathXmlApplicationContext] Bean factory for org.springframework.context.support.ClassPathXmlApplicationContext@4476128: org.springframework.beans.factory.support.DefaultListableBeanFactory@5e5f33b8: defining beans [org.springframework.context.annotation.internalConfigurationAnnotationProcessor,org.springframework.context.annotation.internalAutowiredAnnotationProcessor,org.springframework.context.annotation.internalRequiredAnnotationProcessor,org.springframework.context.annotation.internalCommonAnnotationProcessor,setMapParamSender,wsInvoker,wsServiceImp]; root of factory hierarchy
2017-11-17 18:25:57[][main] DEBUG [org.springframework.beans.factory.support.DefaultListableBeanFactory] Creating shared instance of singleton bean 'org.springframework.context.annotation.internalConfigurationAnnotationProcessor'
2017-11-17 18:25:57[][main] DEBUG [org.springframework.beans.factory.support.DefaultListableBeanFactory] Creating instance of bean 'org.springframework.context.annotation.internalConfigurationAnnotationProcessor'
2017-11-17 18:25:57[][main] DEBUG [org.springframework.beans.factory.support.DefaultListableBeanFactory] Eagerly caching bean 'org.springframework.context.annotation.internalConfigurationAnnotationProcessor' to allow for resolving potential circular references
2017-11-17 18:25:57[][main] DEBUG [org.springframework.beans.factory.support.DefaultListableBeanFactory] Finished creating instance of bean 'org.springframework.context.annotation.internalConfigurationAnnotationProcessor'
2017-11-17 18:25:57[][main] DEBUG [org.springframework.beans.factory.support.DefaultListableBeanFactory] Creating shared instance of singleton bean 'org.springframework.context.annotation.internalAutowiredAnnotationProcessor'
2017-11-17 18:25:57[][main] DEBUG [org.springframework.beans.factory.support.DefaultListableBeanFactory] Creating instance of bean 'org.springframework.context.annotation.internalAutowiredAnnotationProcessor'
2017-11-17 18:25:57[][main] INFO [org.springframework.beans.factory.annotation.AutowiredAnnotationBeanPostProcessor] JSR-330 'javax.inject.Inject' annotation found and supported for autowiring
2017-11-17 18:25:57[][main] DEBUG [org.springframework.beans.factory.support.DefaultListableBeanFactory] Eagerly caching bean 'org.springframework.context.annotation.internalAutowiredAnnotationProcessor' to allow for resolving potential circular references
2017-11-17 18:25:57[][main] DEBUG [org.springframework.beans.factory.support.DefaultListableBeanFactory] Finished creating instance of bean 'org.springframework.context.annotation.internalAutowiredAnnotationProcessor'
2017-11-17 18:25:57[][main] DEBUG [org.springframework.beans.factory.support.DefaultListableBeanFactory] Creating shared instance of singleton bean 'org.springframework.context.annotation.internalRequiredAnnotationProcessor'
2017-11-17 18:25:57[][main] DEBUG [org.springframework.beans.factory.support.DefaultListableBeanFactory] Creating instance of bean 'org.springframework.context.annotation.internalRequiredAnnotationProcessor'
2017-11-17 18:25:57[][main] DEBUG [org.springframework.beans.factory.support.DefaultListableBeanFactory] Eagerly caching bean 'org.springframework.context.annotation.internalRequiredAnnotationProcessor' to allow for resolving potential circular references
2017-11-17 18:25:57[][main] DEBUG [org.springframework.beans.factory.support.DefaultListableBeanFactory] Finished creating instance of bean 'org.springframework.context.annotation.internalRequiredAnnotationProcessor'
2017-11-17 18:25:57[][main] DEBUG [org.springframework.beans.factory.support.DefaultListableBeanFactory] Creating shared instance of singleton bean 'org.springframework.context.annotation.internalCommonAnnotationProcessor'
2017-11-17 18:25:57[][main] DEBUG [org.springframework.beans.factory.support.DefaultListableBeanFactory] Creating instance of bean 'org.springframework.context.annotation.internalCommonAnnotationProcessor'
2017-11-17 18:25:57[][main] DEBUG [org.springframework.beans.factory.support.DefaultListableBeanFactory] Eagerly caching bean 'org.springframework.context.annotation.internalCommonAnnotationProcessor' to allow for resolving potential circular references
2017-11-17 18:25:57[][main] DEBUG [org.springframework.beans.factory.support.DefaultListableBeanFactory] Finished creating instance of bean 'org.springframework.context.annotation.internalCommonAnnotationProcessor'
2017-11-17 18:25:58[][main] DEBUG [org.springframework.context.support.ClassPathXmlApplicationContext] Unable to locate MessageSource with name 'messageSource': using default [org.springframework.context.support.DelegatingMessageSource@11f13b08]
2017-11-17 18:25:58[][main] DEBUG [org.springframework.context.support.ClassPathXmlApplicationContext] Unable to locate ApplicationEventMulticaster with name 'applicationEventMulticaster': using default [org.springframework.context.event.SimpleApplicationEventMulticaster@40c11557]
2017-11-17 18:25:58[][main] INFO [org.springframework.beans.factory.support.DefaultListableBeanFactory] Pre-instantiating singletons in org.springframework.beans.factory.support.DefaultListableBeanFactory@5e5f33b8: defining beans [org.springframework.context.annotation.internalConfigurationAnnotationProcessor,org.springframework.context.annotation.internalAutowiredAnnotationProcessor,org.springframework.context.annotation.internalRequiredAnnotationProcessor,org.springframework.context.annotation.internalCommonAnnotationProcessor,setMapParamSender,wsInvoker,wsServiceImp]; root of factory hierarchy
2017-11-17 18:25:58[][main] DEBUG [org.springframework.beans.factory.support.DefaultListableBeanFactory] Returning cached instance of singleton bean 'org.springframework.context.annotation.internalConfigurationAnnotationProcessor'
2017-11-17 18:25:58[][main] DEBUG [org.springframework.beans.factory.support.DefaultListableBeanFactory] Returning cached instance of singleton bean 'org.springframework.context.annotation.internalAutowiredAnnotationProcessor'
2017-11-17 18:25:58[][main] DEBUG [org.springframework.beans.factory.support.DefaultListableBeanFactory] Returning cached instance of singleton bean 'org.springframework.context.annotation.internalRequiredAnnotationProcessor'
2017-11-17 18:25:58[][main] DEBUG [org.springframework.beans.factory.support.DefaultListableBeanFactory] Returning cached instance of singleton bean 'org.springframework.context.annotation.internalCommonAnnotationProcessor'
2017-11-17 18:25:58[][main] DEBUG [org.springframework.beans.factory.support.DefaultListableBeanFactory] Creating shared instance of singleton bean 'setMapParamSender'
2017-11-17 18:25:58[][main] DEBUG [org.springframework.beans.factory.support.DefaultListableBeanFactory] Creating instance of bean 'setMapParamSender'
2017-11-17 18:25:58[][main] DEBUG [org.springframework.beans.factory.annotation.InjectionMetadata] Found injected element on class [com.reflect.sender.SetMapParamSender]: AutowiredFieldElement for protected com.reflect.util.IWsService com.reflect.util.WsSender.wsService
2017-11-17 18:25:58[][main] DEBUG [org.springframework.beans.factory.annotation.InjectionMetadata] Found injected element on class [com.reflect.sender.SetMapParamSender]: AutowiredFieldElement for private com.reflect.util.WsInvoker com.reflect.util.WsSender.invoker
2017-11-17 18:25:58[][main] DEBUG [org.springframework.beans.factory.support.DefaultListableBeanFactory] Eagerly caching bean 'setMapParamSender' to allow for resolving potential circular references
2017-11-17 18:25:58[][main] DEBUG [org.springframework.beans.factory.annotation.InjectionMetadata] Processing injected method of bean 'setMapParamSender': AutowiredFieldElement for protected com.reflect.util.IWsService com.reflect.util.WsSender.wsService
2017-11-17 18:25:58[][main] DEBUG [org.springframework.beans.factory.support.DefaultListableBeanFactory] Creating shared instance of singleton bean 'wsServiceImp'
2017-11-17 18:25:58[][main] DEBUG [org.springframework.beans.factory.support.DefaultListableBeanFactory] Creating instance of bean 'wsServiceImp'
2017-11-17 18:25:58[][main] DEBUG [org.springframework.context.annotation.CommonAnnotationBeanPostProcessor] Found init method on class [com.reflect.util.WsServiceImp]: public void com.reflect.util.WsServiceImp.init()
2017-11-17 18:25:58[][main] DEBUG [org.springframework.context.annotation.CommonAnnotationBeanPostProcessor] Found init method on class [com.reflect.util.WsServiceImp]: org.springframework.beans.factory.annotation.InitDestroyAnnotationBeanPostProcessor$LifecycleElement@316510
2017-11-17 18:25:58[][main] DEBUG [org.springframework.beans.factory.support.DefaultListableBeanFactory] Eagerly caching bean 'wsServiceImp' to allow for resolving potential circular references
2017-11-17 18:25:58[][main] DEBUG [org.springframework.context.annotation.CommonAnnotationBeanPostProcessor] Invoking init method on bean 'wsServiceImp': public void com.reflect.util.WsServiceImp.init()
