2017-11-17 17:36:02[][main] INFO [org.springframework.context.support.ClassPathXmlApplicationContext] Refreshing org.springframework.context.support.ClassPathXmlApplicationContext@394a8cd1: startup date [Fri Nov 17 17:36:02 CST 2017]; root of context hierarchy
2017-11-17 17:36:02[][main] INFO [org.springframework.beans.factory.xml.XmlBeanDefinitionReader] Loading XML bean definitions from class path resource [applicationContext.xml]
2017-11-17 17:36:41[][main] INFO [org.springframework.context.support.ClassPathXmlApplicationContext] Refreshing org.springframework.context.support.ClassPathXmlApplicationContext@4d630ab9: startup date [Fri Nov 17 17:36:41 CST 2017]; root of context hierarchy
2017-11-17 17:36:41[][main] INFO [org.springframework.beans.factory.xml.XmlBeanDefinitionReader] Loading XML bean definitions from class path resource [applicationContext.xml]
2017-11-17 17:36:41[][main] INFO [org.springframework.context.annotation.ClassPathBeanDefinitionScanner] JSR-250 'javax.annotation.ManagedBean' found and supported for component scanning
2017-11-17 17:36:41[][main] INFO [org.springframework.context.annotation.ClassPathBeanDefinitionScanner] JSR-330 'javax.inject.Named' annotation found and supported for component scanning
2017-11-17 17:36:58[][main] INFO [org.springframework.beans.factory.annotation.AutowiredAnnotationBeanPostProcessor] JSR-330 'javax.inject.Inject' annotation found and supported for autowiring
2017-11-17 17:36:58[][main] INFO [org.springframework.beans.factory.support.DefaultListableBeanFactory] Pre-instantiating singletons in org.springframework.beans.factory.support.DefaultListableBeanFactory@24be0446: defining beans [org.springframework.context.annotation.internalConfigurationAnnotationProcessor,org.springframework.context.annotation.internalAutowiredAnnotationProcessor,org.springframework.context.annotation.internalRequiredAnnotationProcessor,org.springframework.context.annotation.internalCommonAnnotationProcessor,setMapParamSender,wsInvoker,wsServiceImp]; root of factory hierarchy
2017-11-17 17:36:58[][main] INFO [org.springframework.beans.factory.support.DefaultListableBeanFactory] Destroying singletons in org.springframework.beans.factory.support.DefaultListableBeanFactory@24be0446: defining beans [org.springframework.context.annotation.internalConfigurationAnnotationProcessor,org.springframework.context.annotation.internalAutowiredAnnotationProcessor,org.springframework.context.annotation.internalRequiredAnnotationProcessor,org.springframework.context.annotation.internalCommonAnnotationProcessor,setMapParamSender,wsInvoker,wsServiceImp]; root of factory hierarchy
2017-11-17 17:38:54[][main] INFO [org.springframework.context.support.ClassPathXmlApplicationContext] Refreshing org.springframework.context.support.ClassPathXmlApplicationContext@4d630ab9: startup date [Fri Nov 17 17:38:54 CST 2017]; root of context hierarchy
2017-11-17 17:38:54[][main] INFO [org.springframework.beans.factory.xml.XmlBeanDefinitionReader] Loading XML bean definitions from class path resource [applicationContext.xml]
2017-11-17 17:38:55[][main] INFO [org.springframework.context.annotation.ClassPathBeanDefinitionScanner] JSR-250 'javax.annotation.ManagedBean' found and supported for component scanning
2017-11-17 17:38:55[][main] INFO [org.springframework.context.annotation.ClassPathBeanDefinitionScanner] JSR-330 'javax.inject.Named' annotation found and supported for component scanning
2017-11-17 17:39:15[][main] INFO [org.springframework.context.support.ClassPathXmlApplicationContext] Refreshing org.springframework.context.support.ClassPathXmlApplicationContext@6b359c1b: startup date [Fri Nov 17 17:39:15 CST 2017]; root of context hierarchy
2017-11-17 17:39:15[][main] INFO [org.springframework.beans.factory.xml.XmlBeanDefinitionReader] Loading XML bean definitions from class path resource [applicationContext.xml]
2017-11-17 17:39:15[][main] INFO [org.springframework.context.annotation.ClassPathBeanDefinitionScanner] JSR-250 'javax.annotation.ManagedBean' found and supported for component scanning
2017-11-17 17:39:15[][main] INFO [org.springframework.context.annotation.ClassPathBeanDefinitionScanner] JSR-330 'javax.inject.Named' annotation found and supported for component scanning
2017-11-17 17:39:31[][main] INFO [org.springframework.beans.factory.annotation.AutowiredAnnotationBeanPostProcessor] JSR-330 'javax.inject.Inject' annotation found and supported for autowiring
2017-11-17 17:39:31[][main] INFO [org.springframework.beans.factory.support.DefaultListableBeanFactory] Pre-instantiating singletons in org.springframework.beans.factory.support.DefaultListableBeanFactory@16a8c19b: defining beans [org.springframework.context.annotation.internalConfigurationAnnotationProcessor,org.springframework.context.annotation.internalAutowiredAnnotationProcessor,org.springframework.context.annotation.internalRequiredAnnotationProcessor,org.springframework.context.annotation.internalCommonAnnotationProcessor,setMapParamSender,wsInvoker,wsServiceImp]; root of factory hierarchy
2017-11-17 17:40:31[][main] INFO [org.springframework.beans.factory.support.DefaultListableBeanFactory] Destroying singletons in org.springframework.beans.factory.support.DefaultListableBeanFactory@16a8c19b: defining beans [org.springframework.context.annotation.internalConfigurationAnnotationProcessor,org.springframework.context.annotation.internalAutowiredAnnotationProcessor,org.springframework.context.annotation.internalRequiredAnnotationProcessor,org.springframework.context.annotation.internalCommonAnnotationProcessor,setMapParamSender,wsInvoker,wsServiceImp]; root of factory hierarchy
2017-11-17 17:43:13[][main] INFO [org.springframework.context.support.ClassPathXmlApplicationContext] Refreshing org.springframework.context.support.ClassPathXmlApplicationContext@3a56f631: startup date [Fri Nov 17 17:43:13 CST 2017]; root of context hierarchy
2017-11-17 17:43:13[][main] INFO [org.springframework.beans.factory.xml.XmlBeanDefinitionReader] Loading XML bean definitions from class path resource [applicationContext.xml]
2017-11-17 17:43:15[][main] INFO [org.springframework.context.annotation.ClassPathBeanDefinitionScanner] JSR-250 'javax.annotation.ManagedBean' found and supported for component scanning
2017-11-17 17:43:15[][main] INFO [org.springframework.context.annotation.ClassPathBeanDefinitionScanner] JSR-330 'javax.inject.Named' annotation found and supported for component scanning
2017-11-17 17:43:29[][main] INFO [org.springframework.context.annotation.ClassPathBeanDefinitionScanner] JSR-250 'javax.annotation.ManagedBean' found and supported for component scanning
2017-11-17 17:43:29[][main] INFO [org.springframework.context.annotation.ClassPathBeanDefinitionScanner] JSR-330 'javax.inject.Named' annotation found and supported for component scanning
2017-11-17 17:43:29[][main] INFO [org.springframework.context.annotation.ClassPathBeanDefinitionScanner] JSR-250 'javax.annotation.ManagedBean' found and supported for component scanning
2017-11-17 17:43:29[][main] INFO [org.springframework.context.annotation.ClassPathBeanDefinitionScanner] JSR-330 'javax.inject.Named' annotation found and supported for component scanning
2017-11-17 17:43:29[][main] INFO [org.springframework.context.annotation.ClassPathBeanDefinitionScanner] JSR-250 'javax.annotation.ManagedBean' found and supported for component scanning
2017-11-17 17:43:29[][main] INFO [org.springframework.context.annotation.ClassPathBeanDefinitionScanner] JSR-330 'javax.inject.Named' annotation found and supported for component scanning
2017-11-17 17:43:29[][main] INFO [org.springframework.beans.factory.annotation.AutowiredAnnotationBeanPostProcessor] JSR-330 'javax.inject.Inject' annotation found and supported for autowiring
2017-11-17 17:43:29[][main] INFO [org.springframework.beans.factory.support.DefaultListableBeanFactory] Pre-instantiating singletons in org.springframework.beans.factory.support.DefaultListableBeanFactory@3b47788d: defining beans [org.springframework.context.annotation.internalConfigurationAnnotationProcessor,org.springframework.context.annotation.internalAutowiredAnnotationProcessor,org.springframework.context.annotation.internalRequiredAnnotationProcessor,org.springframework.context.annotation.internalCommonAnnotationProcessor,setMapParamSender,wsInvoker,wsServiceImp]; root of factory hierarchy
2017-11-17 17:43:39[][main] INFO [org.springframework.beans.factory.support.DefaultListableBeanFactory] Destroying singletons in org.springframework.beans.factory.support.DefaultListableBeanFactory@3b47788d: defining beans [org.springframework.context.annotation.internalConfigurationAnnotationProcessor,org.springframework.context.annotation.internalAutowiredAnnotationProcessor,org.springframework.context.annotation.internalRequiredAnnotationProcessor,org.springframework.context.annotation.internalCommonAnnotationProcessor,setMapParamSender,wsInvoker,wsServiceImp]; root of factory hierarchy
2017-11-17 17:59:29[][main] INFO [org.springframework.context.support.ClassPathXmlApplicationContext] Refreshing org.springframework.context.support.ClassPathXmlApplicationContext@4476128: startup date [Fri Nov 17 17:59:29 CST 2017]; root of context hierarchy
2017-11-17 17:59:29[][main] INFO [org.springframework.beans.factory.xml.XmlBeanDefinitionReader] Loading XML bean definitions from class path resource [applicationContext.xml]
2017-11-17 17:59:29[][main] INFO [org.springframework.context.annotation.ClassPathBeanDefinitionScanner] JSR-250 'javax.annotation.ManagedBean' found and supported for component scanning
2017-11-17 17:59:29[][main] INFO [org.springframework.context.annotation.ClassPathBeanDefinitionScanner] JSR-330 'javax.inject.Named' annotation found and supported for component scanning
2017-11-17 17:59:41[][main] INFO [org.springframework.context.annotation.ClassPathBeanDefinitionScanner] JSR-250 'javax.annotation.ManagedBean' found and supported for component scanning
2017-11-17 17:59:41[][main] INFO [org.springframework.context.annotation.ClassPathBeanDefinitionScanner] JSR-330 'javax.inject.Named' annotation found and supported for component scanning
2017-11-17 17:59:41[][main] INFO [org.springframework.context.annotation.ClassPathBeanDefinitionScanner] JSR-250 'javax.annotation.ManagedBean' found and supported for component scanning
2017-11-17 17:59:41[][main] INFO [org.springframework.context.annotation.ClassPathBeanDefinitionScanner] JSR-330 'javax.inject.Named' annotation found and supported for component scanning
2017-11-17 17:59:41[][main] INFO [org.springframework.context.annotation.ClassPathBeanDefinitionScanner] JSR-250 'javax.annotation.ManagedBean' found and supported for component scanning
2017-11-17 17:59:41[][main] INFO [org.springframework.context.annotation.ClassPathBeanDefinitionScanner] JSR-330 'javax.inject.Named' annotation found and supported for component scanning
2017-11-17 17:59:41[][main] INFO [org.springframework.beans.factory.annotation.AutowiredAnnotationBeanPostProcessor] JSR-330 'javax.inject.Inject' annotation found and supported for autowiring
2017-11-17 17:59:41[][main] INFO [org.springframework.beans.factory.support.DefaultListableBeanFactory] Pre-instantiating singletons in org.springframework.beans.factory.support.DefaultListableBeanFactory@521bfefb: defining beans [org.springframework.context.annotation.internalConfigurationAnnotationProcessor,org.springframework.context.annotation.internalAutowiredAnnotationProcessor,org.springframework.context.annotation.internalRequiredAnnotationProcessor,org.springframework.context.annotation.internalCommonAnnotationProcessor,setMapParamSender,wsInvoker,wsServiceImp]; root of factory hierarchy
2017-11-17 18:02:23[][main] INFO [org.springframework.beans.factory.support.DefaultListableBeanFactory] Destroying singletons in org.springframework.beans.factory.support.DefaultListableBeanFactory@521bfefb: defining beans [org.springframework.context.annotation.internalConfigurationAnnotationProcessor,org.springframework.context.annotation.internalAutowiredAnnotationProcessor,org.springframework.context.annotation.internalRequiredAnnotationProcessor,org.springframework.context.annotation.internalCommonAnnotationProcessor,setMapParamSender,wsInvoker,wsServiceImp]; root of factory hierarchy
2017-11-17 18:06:08[][main] INFO [org.springframework.context.support.ClassPathXmlApplicationContext] Refreshing org.springframework.context.support.ClassPathXmlApplicationContext@4476128: startup date [Fri Nov 17 18:06:08 CST 2017]; root of context hierarchy
2017-11-17 18:06:08[][main] INFO [org.springframework.beans.factory.xml.XmlBeanDefinitionReader] Loading XML bean definitions from class path resource [applicationContext.xml]
2017-11-17 18:06:08[][main] INFO [org.springframework.context.annotation.ClassPathBeanDefinitionScanner] JSR-250 'javax.annotation.ManagedBean' found and supported for component scanning
2017-11-17 18:06:08[][main] INFO [org.springframework.context.annotation.ClassPathBeanDefinitionScanner] JSR-330 'javax.inject.Named' annotation found and supported for component scanning
2017-11-17 18:06:18[][main] INFO [org.springframework.context.annotation.ClassPathBeanDefinitionScanner] JSR-250 'javax.annotation.ManagedBean' found and supported for component scanning
2017-11-17 18:06:18[][main] INFO [org.springframework.context.annotation.ClassPathBeanDefinitionScanner] JSR-330 'javax.inject.Named' annotation found and supported for component scanning
2017-11-17 18:06:18[][main] INFO [org.springframework.context.annotation.ClassPathBeanDefinitionScanner] JSR-250 'javax.annotation.ManagedBean' found and supported for component scanning
2017-11-17 18:06:18[][main] INFO [org.springframework.context.annotation.ClassPathBeanDefinitionScanner] JSR-330 'javax.inject.Named' annotation found and supported for component scanning
2017-11-17 18:06:18[][main] INFO [org.springframework.context.annotation.ClassPathBeanDefinitionScanner] JSR-250 'javax.annotation.ManagedBean' found and supported for component scanning
2017-11-17 18:06:18[][main] INFO [org.springframework.context.annotation.ClassPathBeanDefinitionScanner] JSR-330 'javax.inject.Named' annotation found and supported for component scanning
2017-11-17 18:06:18[][main] INFO [org.springframework.beans.factory.annotation.AutowiredAnnotationBeanPostProcessor] JSR-330 'javax.inject.Inject' annotation found and supported for autowiring
2017-11-17 18:06:18[][main] INFO [org.springframework.beans.factory.support.DefaultListableBeanFactory] Pre-instantiating singletons in org.springframework.beans.factory.support.DefaultListableBeanFactory@2161fcdd: defining beans [org.springframework.context.annotation.internalConfigurationAnnotationProcessor,org.springframework.context.annotation.internalAutowiredAnnotationProcessor,org.springframework.context.annotation.internalRequiredAnnotationProcessor,org.springframework.context.annotation.internalCommonAnnotationProcessor,setMapParamSender,wsInvoker,wsServiceImp]; root of factory hierarchy
2017-11-17 18:06:41[][main] INFO [org.springframework.beans.factory.support.DefaultListableBeanFactory] Destroying singletons in org.springframework.beans.factory.support.DefaultListableBeanFactory@2161fcdd: defining beans [org.springframework.context.annotation.internalConfigurationAnnotationProcessor,org.springframework.context.annotation.internalAutowiredAnnotationProcessor,org.springframework.context.annotation.internalRequiredAnnotationProcessor,org.springframework.context.annotation.internalCommonAnnotationProcessor,setMapParamSender,wsInvoker,wsServiceImp]; root of factory hierarchy
2017-11-17 18:25:48[][main] INFO [org.springframework.context.support.ClassPathXmlApplicationContext] Refreshing org.springframework.context.support.ClassPathXmlApplicationContext@4476128: startup date [Fri Nov 17 18:25:48 CST 2017]; root of context hierarchy
2017-11-17 18:25:48[][main] INFO [org.springframework.beans.factory.xml.XmlBeanDefinitionReader] Loading XML bean definitions from class path resource [applicationContext.xml]
2017-11-17 18:25:49[][main] INFO [org.springframework.context.annotation.ClassPathBeanDefinitionScanner] JSR-250 'javax.annotation.ManagedBean' found and supported for component scanning
2017-11-17 18:25:49[][main] INFO [org.springframework.context.annotation.ClassPathBeanDefinitionScanner] JSR-330 'javax.inject.Named' annotation found and supported for component scanning
2017-11-17 18:25:57[][main] INFO [org.springframework.context.annotation.ClassPathBeanDefinitionScanner] JSR-250 'javax.annotation.ManagedBean' found and supported for component scanning
2017-11-17 18:25:57[][main] INFO [org.springframework.context.annotation.ClassPathBeanDefinitionScanner] JSR-330 'javax.inject.Named' annotation found and supported for component scanning
2017-11-17 18:25:57[][main] INFO [org.springframework.context.annotation.ClassPathBeanDefinitionScanner] JSR-250 'javax.annotation.ManagedBean' found and supported for component scanning
2017-11-17 18:25:57[][main] INFO [org.springframework.context.annotation.ClassPathBeanDefinitionScanner] JSR-330 'javax.inject.Named' annotation found and supported for component scanning
2017-11-17 18:25:57[][main] INFO [org.springframework.context.annotation.ClassPathBeanDefinitionScanner] JSR-250 'javax.annotation.ManagedBean' found and supported for component scanning
2017-11-17 18:25:57[][main] INFO [org.springframework.context.annotation.ClassPathBeanDefinitionScanner] JSR-330 'javax.inject.Named' annotation found and supported for component scanning
2017-11-17 18:25:57[][main] INFO [org.springframework.beans.factory.annotation.AutowiredAnnotationBeanPostProcessor] JSR-330 'javax.inject.Inject' annotation found and supported for autowiring
2017-11-17 18:25:58[][main] INFO [org.springframework.beans.factory.support.DefaultListableBeanFactory] Pre-instantiating singletons in org.springframework.beans.factory.support.DefaultListableBeanFactory@5e5f33b8: defining beans [org.springframework.context.annotation.internalConfigurationAnnotationProcessor,org.springframework.context.annotation.internalAutowiredAnnotationProcessor,org.springframework.context.annotation.internalRequiredAnnotationProcessor,org.springframework.context.annotation.internalCommonAnnotationProcessor,setMapParamSender,wsInvoker,wsServiceImp]; root of factory hierarchy
